Flow report for Anzeige
Mon Jul  1 23:37:29 2019
Quartus II 64-Bit Version 13.0.0 Build 156 04/24/2013 SJ Web Edition


---------------------
; Table of Contents ;
---------------------
  1. Legal Notice
  2. Flow Summary
  3. Flow Settings
  4. Flow Non-Default Global Settings
  5. Flow Elapsed Time
  6. Flow OS Summary
  7. Flow Log
  8. Flow Messages
  9. Flow Suppressed Messages



----------------
; Legal Notice ;
----------------
Copyright (C) 1991-2013 Altera Corporation
Your use of Altera Corporation's design tools, logic functions 
and other software and tools, and its AMPP partner logic 
functions, and any output files from any of the foregoing 
(including device programming or simulation files), and any 
associated documentation or information are expressly subject 
to the terms and conditions of the Altera Program License 
Subscription Agreement, Altera MegaCore Function License 
Agreement, or other applicable license agreement, including, 
without limitation, that your use is for the sole purpose of 
programming logic devices manufactured by Altera and sold by 
Altera or its authorized distributors.  Please refer to the 
applicable agreement for further details.



+---------------------------------------------------------------------------------+
; Flow Summary                                                                    ;
+------------------------------------+--------------------------------------------+
; Flow Status                        ; Successful - Mon Jul  1 23:37:29 2019      ;
; Quartus II 64-Bit Version          ; 13.0.0 Build 156 04/24/2013 SJ Web Edition ;
; Revision Name                      ; Anzeige                                    ;
; Top-level Entity Name              ; Anzeige                                    ;
; Family                             ; Cyclone II                                 ;
; Device                             ; EP2C70F672C6                               ;
; Timing Models                      ; Final                                      ;
; Total logic elements               ; 3 / 68,416 ( < 1 % )                       ;
;     Total combinational functions  ; 3 / 68,416 ( < 1 % )                       ;
;     Dedicated logic registers      ; 0 / 68,416 ( 0 % )                         ;
; Total registers                    ; 0                                          ;
; Total pins                         ; 18 / 422 ( 4 % )                           ;
; Total virtual pins                 ; 0                                          ;
; Total memory bits                  ; 0 / 1,152,000 ( 0 % )                      ;
; Embedded Multiplier 9-bit elements ; 0 / 300 ( 0 % )                            ;
; Total PLLs                         ; 0 / 4 ( 0 % )                              ;
+------------------------------------+--------------------------------------------+


+-----------------------------------------+
; Flow Settings                           ;
+-------------------+---------------------+
; Option            ; Setting             ;
+-------------------+---------------------+
; Start date & time ; 07/01/2019 23:35:35 ;
; Main task         ; Compilation         ;
; Revision Name     ; Anzeige             ;
+-------------------+---------------------+


+-------------------------------------------------------------------------------------------------------------+
; Flow Non-Default Global Settings                                                                            ;
+-------------------------------------+------------------------+---------------+-------------+----------------+
; Assignment Name                     ; Value                  ; Default Value ; Entity Name ; Section Id     ;
+-------------------------------------+------------------------+---------------+-------------+----------------+
; COMPILER_SIGNATURE_ID               ; 0.156201693512001      ; --            ; --          ; --             ;
; EDA_OUTPUT_DATA_FORMAT              ; Vhdl                   ; --            ; --          ; eda_simulation ;
; EDA_SIMULATION_TOOL                 ; ModelSim-Altera (VHDL) ; <None>        ; --          ; --             ;
; MAX_CORE_JUNCTION_TEMP              ; 85                     ; --            ; --          ; --             ;
; MIN_CORE_JUNCTION_TEMP              ; 0                      ; --            ; --          ; --             ;
; PARTITION_COLOR                     ; 16764057               ; --            ; --          ; Top            ;
; PARTITION_FITTER_PRESERVATION_LEVEL ; PLACEMENT_AND_ROUTING  ; --            ; --          ; Top            ;
; PARTITION_NETLIST_TYPE              ; SOURCE                 ; --            ; --          ; Top            ;
; PROJECT_OUTPUT_DIRECTORY            ; output_files           ; --            ; --          ; --             ;
+-------------------------------------+------------------------+---------------+-------------+----------------+


+-------------------------------------------------------------------------------------------------------------------------------+
; Flow Elapsed Time                                                                                                             ;
+---------------------------+--------------+-------------------------+---------------------+------------------------------------+
; Module Name               ; Elapsed Time ; Average Processors Used ; Peak Virtual Memory ; Total CPU Time (on all processors) ;
+---------------------------+--------------+-------------------------+---------------------+------------------------------------+
; Analysis & Synthesis      ; 00:00:01     ; 1.0                     ; 611 MB              ; 00:00:01                           ;
; Fitter                    ; 00:00:10     ; 1.0                     ; 823 MB              ; 00:00:10                           ;
; Assembler                 ; 00:00:04     ; 1.0                     ; 564 MB              ; 00:00:04                           ;
; TimeQuest Timing Analyzer ; 00:00:01     ; 1.0                     ; 511 MB              ; 00:00:01                           ;
; EDA Netlist Writer        ; 00:00:00     ; 1.0                     ; 789 MB              ; 00:00:00                           ;
; EDA Netlist Writer        ; 00:00:00     ; 1.0                     ; 820 MB              ; 00:00:01                           ;
; EDA Netlist Writer        ; 00:00:00     ; 1.0                     ; 820 MB              ; 00:00:01                           ;
; Total                     ; 00:00:16     ; --                      ; --                  ; 00:00:18                           ;
+---------------------------+--------------+-------------------------+---------------------+------------------------------------+


+---------------------------------------------------------------------------------------------+
; Flow OS Summary                                                                             ;
+---------------------------+------------------+----------------+------------+----------------+
; Module Name               ; Machine Hostname ; OS Name        ; OS Version ; Processor type ;
+---------------------------+------------------+----------------+------------+----------------+
; Analysis & Synthesis      ; jiayang-PC       ; Ubuntu 18.04.2 ; 18         ; x86_64         ;
; Fitter                    ; jiayang-PC       ; Ubuntu 18.04.2 ; 18         ; x86_64         ;
; Assembler                 ; jiayang-PC       ; Ubuntu 18.04.2 ; 18         ; x86_64         ;
; TimeQuest Timing Analyzer ; jiayang-PC       ; Ubuntu 18.04.2 ; 18         ; x86_64         ;
; EDA Netlist Writer        ; jiayang-PC       ; Ubuntu 18.04.2 ; 18         ; x86_64         ;
; EDA Netlist Writer        ; jiayang-PC       ; Ubuntu 18.04.2 ; 18         ; x86_64         ;
; EDA Netlist Writer        ; jiayang-PC       ; Ubuntu 18.04.2 ; 18         ; x86_64         ;
+---------------------------+------------------+----------------+------------+----------------+


------------
; Flow Log ;
------------
quartus_map --read_settings_files=on --write_settings_files=off Anzeige -c Anzeige
quartus_fit --read_settings_files=off --write_settings_files=off Anzeige -c Anzeige
quartus_asm --read_settings_files=off --write_settings_files=off Anzeige -c Anzeige
quartus_sta Anzeige -c Anzeige
quartus_eda --read_settings_files=off --write_settings_files=off Anzeige -c Anzeige
quartus_eda --gen_testbench --check_outputs=on --tool=modelsim_oem --format=verilog Anzeige -c Anzeige --vector_source=/media/jiayang/64F9-8134/DigitaleFilter/Anzeige/Anzeige.vwf --testbench_file=./simulation/qsim/Anzeige.vt
quartus_eda --functional=on --simulation=on --tool=modelsim_oem --format=verilog Anzeige -c Anzeige



