EDA Netlist Writer report for Faltungscodierer
Tue Jun 11 23:41:21 2019
Quartus II 64-Bit Version 13.0.0 Build 156 04/24/2013 SJ Web Edition


---------------------
; Table of Contents ;
---------------------
  1. Legal Notice
  2. EDA Netlist Writer Summary
  3. EDA Netlist Writer Messages



----------------
; Legal Notice ;
----------------
Copyright (C) 1991-2013 Altera Corporation
Your use of Altera Corporation's design tools, logic functions 
and other software and tools, and its AMPP partner logic 
functions, and any output files from any of the foregoing 
(including device programming or simulation files), and any 
associated documentation or information are expressly subject 
to the terms and conditions of the Altera Program License 
Subscription Agreement, Altera MegaCore Function License 
Agreement, or other applicable license agreement, including, 
without limitation, that your use is for the sole purpose of 
programming logic devices manufactured by Altera and sold by 
Altera or its authorized distributors.  Please refer to the 
applicable agreement for further details.



+---------------------------------------------------------------+
; EDA Netlist Writer Summary                                    ;
+---------------------------+-----------------------------------+
; EDA Netlist Writer Status ; Failed - Tue Jun 11 23:41:21 2019 ;
; Revision Name             ; Faltungscodierer                  ;
; Top-level Entity Name     ; Faltungscodierer_v                ;
; Family                    ; Cyclone II                        ;
+---------------------------+-----------------------------------+


+-----------------------------+
; EDA Netlist Writer Messages ;
+-----------------------------+
Info: *******************************************************************
Info: Running Quartus II 64-Bit EDA Netlist Writer
    Info: Version 13.0.0 Build 156 04/24/2013 SJ Web Edition
    Info: Processing started: Tue Jun 11 23:41:21 2019
Info: Command: quartus_eda --gen_testbench --check_outputs=on --tool=modelsim_oem --format=verilog Faltungscodierer_v -c Faltungscodierer --vector_source=/media/jiayang/64F9-8134/Faltungscodierer_zustandsdiagrammvhdl/Faltungscodierer_v.vwf --testbench_file=./simulation/qsim/Faltungscodierer_v.vt
Error (201008): Bus port "output" specified in vector source file has ports with indices that do not fall in the range of port output[1:0] in top level design of Quartus II project
Warning (201007): Can't find port "ouput[2]" in design
Warning (201007): Can't find port "ouput[1]" in design
Warning (201005): Ignoring output pin "output" in vector source file when writing test bench files
Warning (201005): Ignoring output pin "ouput[2]" in vector source file when writing test bench files
Warning (201005): Ignoring output pin "ouput[1]" in vector source file when writing test bench files
Info (201000): Generated Verilog Test Bench File ./simulation/qsim/Faltungscodierer_v.vt for simulation
Error: Quartus II 64-Bit EDA Netlist Writer was unsuccessful. 1 error, 5 warnings
    Error: Peak virtual memory: 815 megabytes
    Error: Processing ended: Tue Jun 11 23:41:21 2019
    Error: Elapsed time: 00:00:00
    Error: Total CPU time (on all processors): 00:00:00


