Analysis & Synthesis report for Tiefpass
Mon Jul 22 00:12:00 2019
Quartus II 64-Bit Version 13.0.0 Build 156 04/24/2013 SJ Web Edition


---------------------
; Table of Contents ;
---------------------
  1. Legal Notice
  2. Analysis & Synthesis Summary
  3. Analysis & Synthesis Settings
  4. Parallel Compilation
  5. Analysis & Synthesis Source Files Read
  6. Analysis & Synthesis Resource Usage Summary
  7. Analysis & Synthesis Resource Utilization by Entity
  8. Analysis & Synthesis IP Cores Summary
  9. Registers Removed During Synthesis
 10. Removed Registers Triggering Further Register Optimizations
 11. General Register Statistics
 12. Parameter Settings for User Entity Instance: lpm_add_sub1:inst9|lpm_add_sub:LPM_ADD_SUB_component
 13. Parameter Settings for User Entity Instance: lpm_mult2:inst4|lpm_mult:lpm_mult_component
 14. Parameter Settings for User Entity Instance: LPM_DFF:inst7
 15. Parameter Settings for User Entity Instance: LPM_DFF:inst6
 16. Parameter Settings for User Entity Instance: LPM_DFF:inst10
 17. Parameter Settings for User Entity Instance: lpm_constant2:inst5|lpm_constant:LPM_CONSTANT_component
 18. Parameter Settings for User Entity Instance: lpm_add_sub0:inst8|lpm_add_sub:LPM_ADD_SUB_component
 19. Parameter Settings for User Entity Instance: lpm_mult1:inst3|lpm_mult:lpm_mult_component
 20. Parameter Settings for User Entity Instance: lpm_constant1:inst2|lpm_constant:LPM_CONSTANT_component
 21. Parameter Settings for User Entity Instance: lpm_mult0:inst|lpm_mult:lpm_mult_component
 22. Parameter Settings for User Entity Instance: lpm_constant0:inst1|lpm_constant:LPM_CONSTANT_component
 23. lpm_mult Parameter Settings by Entity Instance
 24. Elapsed Time Per Partition
 25. Analysis & Synthesis Messages



----------------
; Legal Notice ;
----------------
Copyright (C) 1991-2013 Altera Corporation
Your use of Altera Corporation's design tools, logic functions 
and other software and tools, and its AMPP partner logic 
functions, and any output files from any of the foregoing 
(including device programming or simulation files), and any 
associated documentation or information are expressly subject 
to the terms and conditions of the Altera Program License 
Subscription Agreement, Altera MegaCore Function License 
Agreement, or other applicable license agreement, including, 
without limitation, that your use is for the sole purpose of 
programming logic devices manufactured by Altera and sold by 
Altera or its authorized distributors.  Please refer to the 
applicable agreement for further details.



+---------------------------------------------------------------------------------+
; Analysis & Synthesis Summary                                                    ;
+------------------------------------+--------------------------------------------+
; Analysis & Synthesis Status        ; Successful - Mon Jul 22 00:12:00 2019      ;
; Quartus II 64-Bit Version          ; 13.0.0 Build 156 04/24/2013 SJ Web Edition ;
; Revision Name                      ; Tiefpass                                   ;
; Top-level Entity Name              ; Tiefpass                                   ;
; Family                             ; Cyclone II                                 ;
; Total logic elements               ; 66                                         ;
;     Total combinational functions  ; 28                                         ;
;     Dedicated logic registers      ; 38                                         ;
; Total registers                    ; 38                                         ;
; Total pins                         ; 29                                         ;
; Total virtual pins                 ; 0                                          ;
; Total memory bits                  ; 0                                          ;
; Embedded Multiplier 9-bit elements ; 0                                          ;
; Total PLLs                         ; 0                                          ;
+------------------------------------+--------------------------------------------+


+----------------------------------------------------------------------------------------------------------------------+
; Analysis & Synthesis Settings                                                                                        ;
+----------------------------------------------------------------------------+--------------------+--------------------+
; Option                                                                     ; Setting            ; Default Value      ;
+----------------------------------------------------------------------------+--------------------+--------------------+
; Device                                                                     ; EP2C50F672C6       ;                    ;
; Top-level entity name                                                      ; Tiefpass           ; Tiefpass           ;
; Family name                                                                ; Cyclone II         ; Cyclone IV GX      ;
; Use smart compilation                                                      ; Off                ; Off                ;
; Enable parallel Assembler and TimeQuest Timing Analyzer during compilation ; On                 ; On                 ;
; Enable compact report table                                                ; Off                ; Off                ;
; Restructure Multiplexers                                                   ; Auto               ; Auto               ;
; Create Debugging Nodes for IP Cores                                        ; Off                ; Off                ;
; Preserve fewer node names                                                  ; On                 ; On                 ;
; Disable OpenCore Plus hardware evaluation                                  ; Off                ; Off                ;
; Verilog Version                                                            ; Verilog_2001       ; Verilog_2001       ;
; VHDL Version                                                               ; VHDL_1993          ; VHDL_1993          ;
; State Machine Processing                                                   ; Auto               ; Auto               ;
; Safe State Machine                                                         ; Off                ; Off                ;
; Extract Verilog State Machines                                             ; On                 ; On                 ;
; Extract VHDL State Machines                                                ; On                 ; On                 ;
; Ignore Verilog initial constructs                                          ; Off                ; Off                ;
; Iteration limit for constant Verilog loops                                 ; 5000               ; 5000               ;
; Iteration limit for non-constant Verilog loops                             ; 250                ; 250                ;
; Add Pass-Through Logic to Inferred RAMs                                    ; On                 ; On                 ;
; Infer RAMs from Raw Logic                                                  ; On                 ; On                 ;
; Parallel Synthesis                                                         ; On                 ; On                 ;
; DSP Block Balancing                                                        ; Auto               ; Auto               ;
; NOT Gate Push-Back                                                         ; On                 ; On                 ;
; Power-Up Don't Care                                                        ; On                 ; On                 ;
; Remove Redundant Logic Cells                                               ; Off                ; Off                ;
; Remove Duplicate Registers                                                 ; On                 ; On                 ;
; Ignore CARRY Buffers                                                       ; Off                ; Off                ;
; Ignore CASCADE Buffers                                                     ; Off                ; Off                ;
; Ignore GLOBAL Buffers                                                      ; Off                ; Off                ;
; Ignore ROW GLOBAL Buffers                                                  ; Off                ; Off                ;
; Ignore LCELL Buffers                                                       ; Off                ; Off                ;
; Ignore SOFT Buffers                                                        ; On                 ; On                 ;
; Limit AHDL Integers to 32 Bits                                             ; Off                ; Off                ;
; Optimization Technique                                                     ; Balanced           ; Balanced           ;
; Carry Chain Length                                                         ; 70                 ; 70                 ;
; Auto Carry Chains                                                          ; On                 ; On                 ;
; Auto Open-Drain Pins                                                       ; On                 ; On                 ;
; Perform WYSIWYG Primitive Resynthesis                                      ; Off                ; Off                ;
; Auto ROM Replacement                                                       ; On                 ; On                 ;
; Auto RAM Replacement                                                       ; On                 ; On                 ;
; Auto Shift Register Replacement                                            ; Auto               ; Auto               ;
; Allow Shift Register Merging across Hierarchies                            ; Auto               ; Auto               ;
; Auto Clock Enable Replacement                                              ; On                 ; On                 ;
; Strict RAM Replacement                                                     ; Off                ; Off                ;
; Allow Synchronous Control Signals                                          ; On                 ; On                 ;
; Force Use of Synchronous Clear Signals                                     ; Off                ; Off                ;
; Auto RAM to Logic Cell Conversion                                          ; Off                ; Off                ;
; Auto Resource Sharing                                                      ; Off                ; Off                ;
; Allow Any RAM Size For Recognition                                         ; Off                ; Off                ;
; Allow Any ROM Size For Recognition                                         ; Off                ; Off                ;
; Allow Any Shift Register Size For Recognition                              ; Off                ; Off                ;
; Use LogicLock Constraints during Resource Balancing                        ; On                 ; On                 ;
; Ignore translate_off and synthesis_off directives                          ; Off                ; Off                ;
; Timing-Driven Synthesis                                                    ; Off                ; Off                ;
; Report Parameter Settings                                                  ; On                 ; On                 ;
; Report Source Assignments                                                  ; On                 ; On                 ;
; Report Connectivity Checks                                                 ; On                 ; On                 ;
; Ignore Maximum Fan-Out Assignments                                         ; Off                ; Off                ;
; Synchronization Register Chain Length                                      ; 2                  ; 2                  ;
; PowerPlay Power Optimization                                               ; Normal compilation ; Normal compilation ;
; HDL message level                                                          ; Level2             ; Level2             ;
; Suppress Register Optimization Related Messages                            ; Off                ; Off                ;
; Number of Removed Registers Reported in Synthesis Report                   ; 5000               ; 5000               ;
; Number of Swept Nodes Reported in Synthesis Report                         ; 5000               ; 5000               ;
; Number of Inverted Registers Reported in Synthesis Report                  ; 100                ; 100                ;
; Clock MUX Protection                                                       ; On                 ; On                 ;
; Auto Gated Clock Conversion                                                ; Off                ; Off                ;
; Block Design Naming                                                        ; Auto               ; Auto               ;
; SDC constraint protection                                                  ; Off                ; Off                ;
; Synthesis Effort                                                           ; Auto               ; Auto               ;
; Shift Register Replacement - Allow Asynchronous Clear Signal               ; On                 ; On                 ;
; Pre-Mapping Resynthesis Optimization                                       ; Off                ; Off                ;
; Analysis & Synthesis Message Level                                         ; Medium             ; Medium             ;
; Disable Register Merging Across Hierarchies                                ; Auto               ; Auto               ;
; Resource Aware Inference For Block RAM                                     ; On                 ; On                 ;
; Synthesis Seed                                                             ; 1                  ; 1                  ;
+----------------------------------------------------------------------------+--------------------+--------------------+


Parallel compilation was disabled, but you have multiple processors available. Enable parallel compilation to reduce compilation time.
+-------------------------------------+
; Parallel Compilation                ;
+----------------------------+--------+
; Processors                 ; Number ;
+----------------------------+--------+
; Number detected on machine ; 4      ;
; Maximum allowed            ; 1      ;
+----------------------------+--------+


+---------------------------------------------------------------------------------------------------------------------------------------------------------------------------------------+
; Analysis & Synthesis Source Files Read                                                                                                                                                ;
+----------------------------------+-----------------+------------------------------------+-----------------------------------------------------------------------------------+---------+
; File Name with User-Entered Path ; Used in Netlist ; File Type                          ; File Name with Absolute Path                                                      ; Library ;
+----------------------------------+-----------------+------------------------------------+-----------------------------------------------------------------------------------+---------+
; Tiefpass.bdf                     ; yes             ; User Block Diagram/Schematic File  ; /media/jiayang/64F9-8134/DigitaleFilter/Tiefpass/Tiefpass.bdf                     ;         ;
; lpm_mult0.vhd                    ; yes             ; User Wizard-Generated File         ; /media/jiayang/64F9-8134/DigitaleFilter/Tiefpass/lpm_mult0.vhd                    ;         ;
; lpm_mult1.vhd                    ; yes             ; User Wizard-Generated File         ; /media/jiayang/64F9-8134/DigitaleFilter/Tiefpass/lpm_mult1.vhd                    ;         ;
; lpm_mult2.vhd                    ; yes             ; User Wizard-Generated File         ; /media/jiayang/64F9-8134/DigitaleFilter/Tiefpass/lpm_mult2.vhd                    ;         ;
; lpm_add_sub0.vhd                 ; yes             ; User Wizard-Generated File         ; /media/jiayang/64F9-8134/DigitaleFilter/Tiefpass/lpm_add_sub0.vhd                 ;         ;
; lpm_add_sub1.vhd                 ; yes             ; User Wizard-Generated File         ; /media/jiayang/64F9-8134/DigitaleFilter/Tiefpass/lpm_add_sub1.vhd                 ;         ;
; lpm_constant0.vhd                ; yes             ; User Wizard-Generated File         ; /media/jiayang/64F9-8134/DigitaleFilter/Tiefpass/lpm_constant0.vhd                ;         ;
; lpm_constant1.vhd                ; yes             ; User Wizard-Generated File         ; /media/jiayang/64F9-8134/DigitaleFilter/Tiefpass/lpm_constant1.vhd                ;         ;
; lpm_constant2.vhd                ; yes             ; User Wizard-Generated File         ; /media/jiayang/64F9-8134/DigitaleFilter/Tiefpass/lpm_constant2.vhd                ;         ;
; lpm_add_sub.tdf                  ; yes             ; Megafunction                       ; /home/jiayang/altera/13.0/quartus/libraries/megafunctions/lpm_add_sub.tdf         ;         ;
; addcore.inc                      ; yes             ; Megafunction                       ; /home/jiayang/altera/13.0/quartus/libraries/megafunctions/addcore.inc             ;         ;
; look_add.inc                     ; yes             ; Megafunction                       ; /home/jiayang/altera/13.0/quartus/libraries/megafunctions/look_add.inc            ;         ;
; bypassff.inc                     ; yes             ; Megafunction                       ; /home/jiayang/altera/13.0/quartus/libraries/megafunctions/bypassff.inc            ;         ;
; altshift.inc                     ; yes             ; Megafunction                       ; /home/jiayang/altera/13.0/quartus/libraries/megafunctions/altshift.inc            ;         ;
; alt_stratix_add_sub.inc          ; yes             ; Megafunction                       ; /home/jiayang/altera/13.0/quartus/libraries/megafunctions/alt_stratix_add_sub.inc ;         ;
; aglobal130.inc                   ; yes             ; Megafunction                       ; /home/jiayang/altera/13.0/quartus/libraries/megafunctions/aglobal130.inc          ;         ;
; db/add_sub_meh.tdf               ; yes             ; Auto-Generated Megafunction        ; /media/jiayang/64F9-8134/DigitaleFilter/Tiefpass/db/add_sub_meh.tdf               ;         ;
; lpm_mult.tdf                     ; yes             ; Megafunction                       ; /home/jiayang/altera/13.0/quartus/libraries/megafunctions/lpm_mult.tdf            ;         ;
; lpm_add_sub.inc                  ; yes             ; Megafunction                       ; /home/jiayang/altera/13.0/quartus/libraries/megafunctions/lpm_add_sub.inc         ;         ;
; multcore.inc                     ; yes             ; Megafunction                       ; /home/jiayang/altera/13.0/quartus/libraries/megafunctions/multcore.inc            ;         ;
; multcore.tdf                     ; yes             ; Megafunction                       ; /home/jiayang/altera/13.0/quartus/libraries/megafunctions/multcore.tdf            ;         ;
; csa_add.inc                      ; yes             ; Megafunction                       ; /home/jiayang/altera/13.0/quartus/libraries/megafunctions/csa_add.inc             ;         ;
; mpar_add.inc                     ; yes             ; Megafunction                       ; /home/jiayang/altera/13.0/quartus/libraries/megafunctions/mpar_add.inc            ;         ;
; muleabz.inc                      ; yes             ; Megafunction                       ; /home/jiayang/altera/13.0/quartus/libraries/megafunctions/muleabz.inc             ;         ;
; mul_lfrg.inc                     ; yes             ; Megafunction                       ; /home/jiayang/altera/13.0/quartus/libraries/megafunctions/mul_lfrg.inc            ;         ;
; mul_boothc.inc                   ; yes             ; Megafunction                       ; /home/jiayang/altera/13.0/quartus/libraries/megafunctions/mul_boothc.inc          ;         ;
; alt_ded_mult.inc                 ; yes             ; Megafunction                       ; /home/jiayang/altera/13.0/quartus/libraries/megafunctions/alt_ded_mult.inc        ;         ;
; alt_ded_mult_y.inc               ; yes             ; Megafunction                       ; /home/jiayang/altera/13.0/quartus/libraries/megafunctions/alt_ded_mult_y.inc      ;         ;
; dffpipe.inc                      ; yes             ; Megafunction                       ; /home/jiayang/altera/13.0/quartus/libraries/megafunctions/dffpipe.inc             ;         ;
; mul_lfrg.tdf                     ; yes             ; Megafunction                       ; /home/jiayang/altera/13.0/quartus/libraries/megafunctions/mul_lfrg.tdf            ;         ;
; mpar_add.tdf                     ; yes             ; Megafunction                       ; /home/jiayang/altera/13.0/quartus/libraries/megafunctions/mpar_add.tdf            ;         ;
; db/add_sub_0lf.tdf               ; yes             ; Auto-Generated Megafunction        ; /media/jiayang/64F9-8134/DigitaleFilter/Tiefpass/db/add_sub_0lf.tdf               ;         ;
; db/add_sub_i1h.tdf               ; yes             ; Auto-Generated Megafunction        ; /media/jiayang/64F9-8134/DigitaleFilter/Tiefpass/db/add_sub_i1h.tdf               ;         ;
; altshift.tdf                     ; yes             ; Megafunction                       ; /home/jiayang/altera/13.0/quartus/libraries/megafunctions/altshift.tdf            ;         ;
; lpm_dff.tdf                      ; yes             ; Megafunction                       ; /home/jiayang/altera/13.0/quartus/libraries/megafunctions/lpm_dff.tdf             ;         ;
; lpm_constant.inc                 ; yes             ; Megafunction                       ; /home/jiayang/altera/13.0/quartus/libraries/megafunctions/lpm_constant.inc        ;         ;
; dffeea.inc                       ; yes             ; Megafunction                       ; /home/jiayang/altera/13.0/quartus/libraries/megafunctions/dffeea.inc              ;         ;
; lpm_constant.tdf                 ; yes             ; Megafunction                       ; /home/jiayang/altera/13.0/quartus/libraries/megafunctions/lpm_constant.tdf        ;         ;
+----------------------------------+-----------------+------------------------------------+-----------------------------------------------------------------------------------+---------+


+-----------------------------------------------------+
; Analysis & Synthesis Resource Usage Summary         ;
+---------------------------------------------+-------+
; Resource                                    ; Usage ;
+---------------------------------------------+-------+
; Estimated Total logic elements              ; 66    ;
;                                             ;       ;
; Total combinational functions               ; 28    ;
; Logic element usage by number of LUT inputs ;       ;
;     -- 4 input functions                    ; 0     ;
;     -- 3 input functions                    ; 26    ;
;     -- <=2 input functions                  ; 2     ;
;                                             ;       ;
; Logic elements by mode                      ;       ;
;     -- normal mode                          ; 2     ;
;     -- arithmetic mode                      ; 26    ;
;                                             ;       ;
; Total registers                             ; 38    ;
;     -- Dedicated logic registers            ; 38    ;
;     -- I/O registers                        ; 0     ;
;                                             ;       ;
; I/O pins                                    ; 29    ;
; Embedded Multiplier 9-bit elements          ; 0     ;
; Maximum fan-out node                        ; clk   ;
; Maximum fan-out                             ; 38    ;
; Total fan-out                               ; 172   ;
; Average fan-out                             ; 1.81  ;
+---------------------------------------------+-------+


+------------------------------------------------------------------------------------------------------------------------------------------------------------------------------------------------------------------------------------------------------------------+
; Analysis & Synthesis Resource Utilization by Entity                                                                                                                                                                                                              ;
+-------------------------------------------+-------------------+--------------+-------------+--------------+---------+-----------+------+--------------+-------------------------------------------------------------------------------------------+--------------+
; Compilation Hierarchy Node                ; LC Combinationals ; LC Registers ; Memory Bits ; DSP Elements ; DSP 9x9 ; DSP 18x18 ; Pins ; Virtual Pins ; Full Hierarchy Name                                                                       ; Library Name ;
+-------------------------------------------+-------------------+--------------+-------------+--------------+---------+-----------+------+--------------+-------------------------------------------------------------------------------------------+--------------+
; |Tiefpass                                 ; 28 (0)            ; 38 (0)       ; 0           ; 0            ; 0       ; 0         ; 29   ; 0            ; |Tiefpass                                                                                 ;              ;
;    |lpm_add_sub0:inst8|                   ; 14 (0)            ; 0 (0)        ; 0           ; 0            ; 0       ; 0         ; 0    ; 0            ; |Tiefpass|lpm_add_sub0:inst8                                                              ;              ;
;       |lpm_add_sub:LPM_ADD_SUB_component| ; 14 (0)            ; 0 (0)        ; 0           ; 0            ; 0       ; 0         ; 0    ; 0            ; |Tiefpass|lpm_add_sub0:inst8|lpm_add_sub:LPM_ADD_SUB_component                            ;              ;
;          |add_sub_meh:auto_generated|     ; 14 (14)           ; 0 (0)        ; 0           ; 0            ; 0       ; 0         ; 0    ; 0            ; |Tiefpass|lpm_add_sub0:inst8|lpm_add_sub:LPM_ADD_SUB_component|add_sub_meh:auto_generated ;              ;
;    |lpm_add_sub1:inst9|                   ; 14 (0)            ; 0 (0)        ; 0           ; 0            ; 0       ; 0         ; 0    ; 0            ; |Tiefpass|lpm_add_sub1:inst9                                                              ;              ;
;       |lpm_add_sub:LPM_ADD_SUB_component| ; 14 (0)            ; 0 (0)        ; 0           ; 0            ; 0       ; 0         ; 0    ; 0            ; |Tiefpass|lpm_add_sub1:inst9|lpm_add_sub:LPM_ADD_SUB_component                            ;              ;
;          |add_sub_meh:auto_generated|     ; 14 (14)           ; 0 (0)        ; 0           ; 0            ; 0       ; 0         ; 0    ; 0            ; |Tiefpass|lpm_add_sub1:inst9|lpm_add_sub:LPM_ADD_SUB_component|add_sub_meh:auto_generated ;              ;
;    |lpm_dff:inst10|                       ; 0 (0)             ; 13 (13)      ; 0           ; 0            ; 0       ; 0         ; 0    ; 0            ; |Tiefpass|lpm_dff:inst10                                                                  ;              ;
;    |lpm_dff:inst6|                        ; 0 (0)             ; 13 (13)      ; 0           ; 0            ; 0       ; 0         ; 0    ; 0            ; |Tiefpass|lpm_dff:inst6                                                                   ;              ;
;    |lpm_dff:inst7|                        ; 0 (0)             ; 12 (12)      ; 0           ; 0            ; 0       ; 0         ; 0    ; 0            ; |Tiefpass|lpm_dff:inst7                                                                   ;              ;
+-------------------------------------------+-------------------+--------------+-------------+--------------+---------+-----------+------+--------------+-------------------------------------------------------------------------------------------+--------------+
Note: For table entries with two numbers listed, the numbers in parentheses indicate the number of resources of the given type used by the specific entity alone. The numbers listed outside of parentheses indicate the total resources of the given type used by the specific entity and all of its sub-entities in the hierarchy.


+--------------------------------------------------------------------------------------------------------------------------------------------------------------------+
; Analysis & Synthesis IP Cores Summary                                                                                                                              ;
+--------+--------------+---------+--------------+--------------+-------------------------------+--------------------------------------------------------------------+
; Vendor ; IP Core Name ; Version ; Release Date ; License Type ; Entity Instance               ; IP Include File                                                    ;
+--------+--------------+---------+--------------+--------------+-------------------------------+--------------------------------------------------------------------+
; Altera ; LPM_MULT     ; 13.0    ; N/A          ; N/A          ; |Tiefpass|lpm_mult0:inst      ; /media/jiayang/64F9-8134/DigitaleFilter/Tiefpass/lpm_mult0.vhd     ;
; Altera ; LPM_CONSTANT ; 13.0    ; N/A          ; N/A          ; |Tiefpass|lpm_constant0:inst1 ; /media/jiayang/64F9-8134/DigitaleFilter/Tiefpass/lpm_constant0.vhd ;
; Altera ; LPM_CONSTANT ; 13.0    ; N/A          ; N/A          ; |Tiefpass|lpm_constant1:inst2 ; /media/jiayang/64F9-8134/DigitaleFilter/Tiefpass/lpm_constant1.vhd ;
; Altera ; LPM_MULT     ; 13.0    ; N/A          ; N/A          ; |Tiefpass|lpm_mult1:inst3     ; /media/jiayang/64F9-8134/DigitaleFilter/Tiefpass/lpm_mult1.vhd     ;
; Altera ; LPM_MULT     ; 13.0    ; N/A          ; N/A          ; |Tiefpass|lpm_mult2:inst4     ; /media/jiayang/64F9-8134/DigitaleFilter/Tiefpass/lpm_mult2.vhd     ;
; Altera ; LPM_CONSTANT ; 13.0    ; N/A          ; N/A          ; |Tiefpass|lpm_constant2:inst5 ; /media/jiayang/64F9-8134/DigitaleFilter/Tiefpass/lpm_constant2.vhd ;
; Altera ; LPM_ADD_SUB  ; 13.0    ; N/A          ; N/A          ; |Tiefpass|lpm_add_sub0:inst8  ; /media/jiayang/64F9-8134/DigitaleFilter/Tiefpass/lpm_add_sub0.vhd  ;
; Altera ; LPM_ADD_SUB  ; 13.0    ; N/A          ; N/A          ; |Tiefpass|lpm_add_sub1:inst9  ; /media/jiayang/64F9-8134/DigitaleFilter/Tiefpass/lpm_add_sub1.vhd  ;
+--------+--------------+---------+--------------+--------------+-------------------------------+--------------------------------------------------------------------+


+------------------------------------------------------------+
; Registers Removed During Synthesis                         ;
+---------------------------------------+--------------------+
; Register name                         ; Reason for Removal ;
+---------------------------------------+--------------------+
; lpm_dff:inst7|dffs[0,1]               ; Lost fanout        ;
; lpm_dff:inst6|dffs[0]                 ; Lost fanout        ;
; lpm_dff:inst10|dffs[0]                ; Lost fanout        ;
; Total Number of Removed Registers = 4 ;                    ;
+---------------------------------------+--------------------+


+--------------------------------------------------------------------------------------------+
; Removed Registers Triggering Further Register Optimizations                                ;
+-----------------------+--------------------+-----------------------------------------------+
; Register name         ; Reason for Removal ; Registers Removed due to This Register        ;
+-----------------------+--------------------+-----------------------------------------------+
; lpm_dff:inst7|dffs[0] ; Lost Fanouts       ; lpm_dff:inst6|dffs[0], lpm_dff:inst10|dffs[0] ;
+-----------------------+--------------------+-----------------------------------------------+


+------------------------------------------------------+
; General Register Statistics                          ;
+----------------------------------------------+-------+
; Statistic                                    ; Value ;
+----------------------------------------------+-------+
; Total registers                              ; 38    ;
; Number of registers using Synchronous Clear  ; 0     ;
; Number of registers using Synchronous Load   ; 0     ;
; Number of registers using Asynchronous Clear ; 0     ;
; Number of registers using Asynchronous Load  ; 0     ;
; Number of registers using Clock Enable       ; 0     ;
; Number of registers using Preset             ; 0     ;
+----------------------------------------------+-------+


+---------------------------------------------------------------------------------------------------+
; Parameter Settings for User Entity Instance: lpm_add_sub1:inst9|lpm_add_sub:LPM_ADD_SUB_component ;
+------------------------+-------------+------------------------------------------------------------+
; Parameter Name         ; Value       ; Type                                                       ;
+------------------------+-------------+------------------------------------------------------------+
; LPM_WIDTH              ; 14          ; Signed Integer                                             ;
; LPM_REPRESENTATION     ; SIGNED      ; Untyped                                                    ;
; LPM_DIRECTION          ; ADD         ; Untyped                                                    ;
; ONE_INPUT_IS_CONSTANT  ; NO          ; Untyped                                                    ;
; LPM_PIPELINE           ; 0           ; Untyped                                                    ;
; MAXIMIZE_SPEED         ; 5           ; Untyped                                                    ;
; REGISTERED_AT_END      ; 0           ; Untyped                                                    ;
; OPTIMIZE_FOR_SPEED     ; 5           ; Untyped                                                    ;
; USE_CS_BUFFERS         ; 1           ; Untyped                                                    ;
; CARRY_CHAIN            ; MANUAL      ; Untyped                                                    ;
; CARRY_CHAIN_LENGTH     ; 48          ; CARRY_CHAIN_LENGTH                                         ;
; DEVICE_FAMILY          ; Cyclone II  ; Untyped                                                    ;
; USE_WYS                ; OFF         ; Untyped                                                    ;
; STYLE                  ; FAST        ; Untyped                                                    ;
; CBXI_PARAMETER         ; add_sub_meh ; Untyped                                                    ;
; AUTO_CARRY_CHAINS      ; ON          ; AUTO_CARRY                                                 ;
; IGNORE_CARRY_BUFFERS   ; OFF         ; IGNORE_CARRY                                               ;
; AUTO_CASCADE_CHAINS    ; ON          ; AUTO_CASCADE                                               ;
; IGNORE_CASCADE_BUFFERS ; OFF         ; IGNORE_CASCADE                                             ;
+------------------------+-------------+------------------------------------------------------------+
Note: In order to hide this table in the UI and the text report file, please set the "Show Parameter Settings in Synthesis Report" option in "Analysis and Synthesis Settings -> More Settings" to "Off".


+------------------------------------------------------------------------------------------+
; Parameter Settings for User Entity Instance: lpm_mult2:inst4|lpm_mult:lpm_mult_component ;
+------------------------------------------------+------------+----------------------------+
; Parameter Name                                 ; Value      ; Type                       ;
+------------------------------------------------+------------+----------------------------+
; AUTO_CARRY_CHAINS                              ; ON         ; AUTO_CARRY                 ;
; IGNORE_CARRY_BUFFERS                           ; OFF        ; IGNORE_CARRY               ;
; AUTO_CASCADE_CHAINS                            ; ON         ; AUTO_CASCADE               ;
; IGNORE_CASCADE_BUFFERS                         ; OFF        ; IGNORE_CASCADE             ;
; LPM_WIDTHA                                     ; 14         ; Signed Integer             ;
; LPM_WIDTHB                                     ; 3          ; Signed Integer             ;
; LPM_WIDTHP                                     ; 17         ; Signed Integer             ;
; LPM_WIDTHR                                     ; 0          ; Untyped                    ;
; LPM_WIDTHS                                     ; 1          ; Untyped                    ;
; LPM_REPRESENTATION                             ; SIGNED     ; Untyped                    ;
; LPM_PIPELINE                                   ; 0          ; Untyped                    ;
; LATENCY                                        ; 0          ; Untyped                    ;
; INPUT_A_IS_CONSTANT                            ; NO         ; Untyped                    ;
; INPUT_B_IS_CONSTANT                            ; NO         ; Untyped                    ;
; USE_EAB                                        ; OFF        ; Untyped                    ;
; MAXIMIZE_SPEED                                 ; 5          ; Untyped                    ;
; DEVICE_FAMILY                                  ; Cyclone II ; Untyped                    ;
; CARRY_CHAIN                                    ; MANUAL     ; Untyped                    ;
; APEX20K_TECHNOLOGY_MAPPER                      ; LUT        ; TECH_MAPPER_APEX20K        ;
; DEDICATED_MULTIPLIER_CIRCUITRY                 ; AUTO       ; Untyped                    ;
; DEDICATED_MULTIPLIER_MIN_INPUT_WIDTH_FOR_AUTO  ; 0          ; Untyped                    ;
; DEDICATED_MULTIPLIER_MIN_OUTPUT_WIDTH_FOR_AUTO ; 0          ; Untyped                    ;
; CBXI_PARAMETER                                 ; NOTHING    ; Untyped                    ;
; INPUT_A_FIXED_VALUE                            ; Bx         ; Untyped                    ;
; INPUT_B_FIXED_VALUE                            ; Bx         ; Untyped                    ;
; USE_AHDL_IMPLEMENTATION                        ; OFF        ; Untyped                    ;
+------------------------------------------------+------------+----------------------------+
Note: In order to hide this table in the UI and the text report file, please set the "Show Parameter Settings in Synthesis Report" option in "Analysis and Synthesis Settings -> More Settings" to "Off".


+------------------------------------------------------------+
; Parameter Settings for User Entity Instance: LPM_DFF:inst7 ;
+------------------------+------------+----------------------+
; Parameter Name         ; Value      ; Type                 ;
+------------------------+------------+----------------------+
; LPM_WIDTH              ; 14         ; Untyped              ;
; LPM_AVALUE             ; 0          ; Untyped              ;
; LPM_SVALUE             ; 0          ; Untyped              ;
; DEVICE_FAMILY          ; Cyclone II ; Untyped              ;
; AUTO_CARRY_CHAINS      ; ON         ; AUTO_CARRY           ;
; IGNORE_CARRY_BUFFERS   ; OFF        ; IGNORE_CARRY         ;
; AUTO_CASCADE_CHAINS    ; ON         ; AUTO_CASCADE         ;
; IGNORE_CASCADE_BUFFERS ; OFF        ; IGNORE_CASCADE       ;
+------------------------+------------+----------------------+
Note: In order to hide this table in the UI and the text report file, please set the "Show Parameter Settings in Synthesis Report" option in "Analysis and Synthesis Settings -> More Settings" to "Off".


+------------------------------------------------------------+
; Parameter Settings for User Entity Instance: LPM_DFF:inst6 ;
+------------------------+------------+----------------------+
; Parameter Name         ; Value      ; Type                 ;
+------------------------+------------+----------------------+
; LPM_WIDTH              ; 14         ; Untyped              ;
; LPM_AVALUE             ; 0          ; Untyped              ;
; LPM_SVALUE             ; 0          ; Untyped              ;
; DEVICE_FAMILY          ; Cyclone II ; Untyped              ;
; AUTO_CARRY_CHAINS      ; ON         ; AUTO_CARRY           ;
; IGNORE_CARRY_BUFFERS   ; OFF        ; IGNORE_CARRY         ;
; AUTO_CASCADE_CHAINS    ; ON         ; AUTO_CASCADE         ;
; IGNORE_CASCADE_BUFFERS ; OFF        ; IGNORE_CASCADE       ;
+------------------------+------------+----------------------+
Note: In order to hide this table in the UI and the text report file, please set the "Show Parameter Settings in Synthesis Report" option in "Analysis and Synthesis Settings -> More Settings" to "Off".


+-------------------------------------------------------------+
; Parameter Settings for User Entity Instance: LPM_DFF:inst10 ;
+------------------------+------------+-----------------------+
; Parameter Name         ; Value      ; Type                  ;
+------------------------+------------+-----------------------+
; LPM_WIDTH              ; 14         ; Untyped               ;
; LPM_AVALUE             ; 0          ; Untyped               ;
; LPM_SVALUE             ; 0          ; Untyped               ;
; DEVICE_FAMILY          ; Cyclone II ; Untyped               ;
; AUTO_CARRY_CHAINS      ; ON         ; AUTO_CARRY            ;
; IGNORE_CARRY_BUFFERS   ; OFF        ; IGNORE_CARRY          ;
; AUTO_CASCADE_CHAINS    ; ON         ; AUTO_CASCADE          ;
; IGNORE_CASCADE_BUFFERS ; OFF        ; IGNORE_CASCADE        ;
+------------------------+------------+-----------------------+
Note: In order to hide this table in the UI and the text report file, please set the "Show Parameter Settings in Synthesis Report" option in "Analysis and Synthesis Settings -> More Settings" to "Off".


+------------------------------------------------------------------------------------------------------+
; Parameter Settings for User Entity Instance: lpm_constant2:inst5|lpm_constant:LPM_CONSTANT_component ;
+--------------------+------------------+--------------------------------------------------------------+
; Parameter Name     ; Value            ; Type                                                         ;
+--------------------+------------------+--------------------------------------------------------------+
; LPM_WIDTH          ; 3                ; Signed Integer                                               ;
; LPM_CVALUE         ; 1                ; Signed Integer                                               ;
; ENABLE_RUNTIME_MOD ; NO               ; Untyped                                                      ;
; CBXI_PARAMETER     ; lpm_constant_6e6 ; Untyped                                                      ;
+--------------------+------------------+--------------------------------------------------------------+
Note: In order to hide this table in the UI and the text report file, please set the "Show Parameter Settings in Synthesis Report" option in "Analysis and Synthesis Settings -> More Settings" to "Off".


+---------------------------------------------------------------------------------------------------+
; Parameter Settings for User Entity Instance: lpm_add_sub0:inst8|lpm_add_sub:LPM_ADD_SUB_component ;
+------------------------+-------------+------------------------------------------------------------+
; Parameter Name         ; Value       ; Type                                                       ;
+------------------------+-------------+------------------------------------------------------------+
; LPM_WIDTH              ; 14          ; Signed Integer                                             ;
; LPM_REPRESENTATION     ; SIGNED      ; Untyped                                                    ;
; LPM_DIRECTION          ; ADD         ; Untyped                                                    ;
; ONE_INPUT_IS_CONSTANT  ; NO          ; Untyped                                                    ;
; LPM_PIPELINE           ; 0           ; Untyped                                                    ;
; MAXIMIZE_SPEED         ; 5           ; Untyped                                                    ;
; REGISTERED_AT_END      ; 0           ; Untyped                                                    ;
; OPTIMIZE_FOR_SPEED     ; 5           ; Untyped                                                    ;
; USE_CS_BUFFERS         ; 1           ; Untyped                                                    ;
; CARRY_CHAIN            ; MANUAL      ; Untyped                                                    ;
; CARRY_CHAIN_LENGTH     ; 48          ; CARRY_CHAIN_LENGTH                                         ;
; DEVICE_FAMILY          ; Cyclone II  ; Untyped                                                    ;
; USE_WYS                ; OFF         ; Untyped                                                    ;
; STYLE                  ; FAST        ; Untyped                                                    ;
; CBXI_PARAMETER         ; add_sub_meh ; Untyped                                                    ;
; AUTO_CARRY_CHAINS      ; ON          ; AUTO_CARRY                                                 ;
; IGNORE_CARRY_BUFFERS   ; OFF         ; IGNORE_CARRY                                               ;
; AUTO_CASCADE_CHAINS    ; ON          ; AUTO_CASCADE                                               ;
; IGNORE_CASCADE_BUFFERS ; OFF         ; IGNORE_CASCADE                                             ;
+------------------------+-------------+------------------------------------------------------------+
Note: In order to hide this table in the UI and the text report file, please set the "Show Parameter Settings in Synthesis Report" option in "Analysis and Synthesis Settings -> More Settings" to "Off".


+------------------------------------------------------------------------------------------+
; Parameter Settings for User Entity Instance: lpm_mult1:inst3|lpm_mult:lpm_mult_component ;
+------------------------------------------------+------------+----------------------------+
; Parameter Name                                 ; Value      ; Type                       ;
+------------------------------------------------+------------+----------------------------+
; AUTO_CARRY_CHAINS                              ; ON         ; AUTO_CARRY                 ;
; IGNORE_CARRY_BUFFERS                           ; OFF        ; IGNORE_CARRY               ;
; AUTO_CASCADE_CHAINS                            ; ON         ; AUTO_CASCADE               ;
; IGNORE_CASCADE_BUFFERS                         ; OFF        ; IGNORE_CASCADE             ;
; LPM_WIDTHA                                     ; 14         ; Signed Integer             ;
; LPM_WIDTHB                                     ; 3          ; Signed Integer             ;
; LPM_WIDTHP                                     ; 17         ; Signed Integer             ;
; LPM_WIDTHR                                     ; 0          ; Untyped                    ;
; LPM_WIDTHS                                     ; 1          ; Untyped                    ;
; LPM_REPRESENTATION                             ; SIGNED     ; Untyped                    ;
; LPM_PIPELINE                                   ; 0          ; Untyped                    ;
; LATENCY                                        ; 0          ; Untyped                    ;
; INPUT_A_IS_CONSTANT                            ; NO         ; Untyped                    ;
; INPUT_B_IS_CONSTANT                            ; NO         ; Untyped                    ;
; USE_EAB                                        ; OFF        ; Untyped                    ;
; MAXIMIZE_SPEED                                 ; 5          ; Untyped                    ;
; DEVICE_FAMILY                                  ; Cyclone II ; Untyped                    ;
; CARRY_CHAIN                                    ; MANUAL     ; Untyped                    ;
; APEX20K_TECHNOLOGY_MAPPER                      ; LUT        ; TECH_MAPPER_APEX20K        ;
; DEDICATED_MULTIPLIER_CIRCUITRY                 ; AUTO       ; Untyped                    ;
; DEDICATED_MULTIPLIER_MIN_INPUT_WIDTH_FOR_AUTO  ; 0          ; Untyped                    ;
; DEDICATED_MULTIPLIER_MIN_OUTPUT_WIDTH_FOR_AUTO ; 0          ; Untyped                    ;
; CBXI_PARAMETER                                 ; NOTHING    ; Untyped                    ;
; INPUT_A_FIXED_VALUE                            ; Bx         ; Untyped                    ;
; INPUT_B_FIXED_VALUE                            ; Bx         ; Untyped                    ;
; USE_AHDL_IMPLEMENTATION                        ; OFF        ; Untyped                    ;
+------------------------------------------------+------------+----------------------------+
Note: In order to hide this table in the UI and the text report file, please set the "Show Parameter Settings in Synthesis Report" option in "Analysis and Synthesis Settings -> More Settings" to "Off".


+------------------------------------------------------------------------------------------------------+
; Parameter Settings for User Entity Instance: lpm_constant1:inst2|lpm_constant:LPM_CONSTANT_component ;
+--------------------+------------------+--------------------------------------------------------------+
; Parameter Name     ; Value            ; Type                                                         ;
+--------------------+------------------+--------------------------------------------------------------+
; LPM_WIDTH          ; 3                ; Signed Integer                                               ;
; LPM_CVALUE         ; 2                ; Signed Integer                                               ;
; ENABLE_RUNTIME_MOD ; NO               ; Untyped                                                      ;
; CBXI_PARAMETER     ; lpm_constant_7e6 ; Untyped                                                      ;
+--------------------+------------------+--------------------------------------------------------------+
Note: In order to hide this table in the UI and the text report file, please set the "Show Parameter Settings in Synthesis Report" option in "Analysis and Synthesis Settings -> More Settings" to "Off".


+-----------------------------------------------------------------------------------------+
; Parameter Settings for User Entity Instance: lpm_mult0:inst|lpm_mult:lpm_mult_component ;
+------------------------------------------------+------------+---------------------------+
; Parameter Name                                 ; Value      ; Type                      ;
+------------------------------------------------+------------+---------------------------+
; AUTO_CARRY_CHAINS                              ; ON         ; AUTO_CARRY                ;
; IGNORE_CARRY_BUFFERS                           ; OFF        ; IGNORE_CARRY              ;
; AUTO_CASCADE_CHAINS                            ; ON         ; AUTO_CASCADE              ;
; IGNORE_CASCADE_BUFFERS                         ; OFF        ; IGNORE_CASCADE            ;
; LPM_WIDTHA                                     ; 14         ; Signed Integer            ;
; LPM_WIDTHB                                     ; 3          ; Signed Integer            ;
; LPM_WIDTHP                                     ; 17         ; Signed Integer            ;
; LPM_WIDTHR                                     ; 0          ; Untyped                   ;
; LPM_WIDTHS                                     ; 1          ; Untyped                   ;
; LPM_REPRESENTATION                             ; SIGNED     ; Untyped                   ;
; LPM_PIPELINE                                   ; 0          ; Untyped                   ;
; LATENCY                                        ; 0          ; Untyped                   ;
; INPUT_A_IS_CONSTANT                            ; NO         ; Untyped                   ;
; INPUT_B_IS_CONSTANT                            ; NO         ; Untyped                   ;
; USE_EAB                                        ; OFF        ; Untyped                   ;
; MAXIMIZE_SPEED                                 ; 5          ; Untyped                   ;
; DEVICE_FAMILY                                  ; Cyclone II ; Untyped                   ;
; CARRY_CHAIN                                    ; MANUAL     ; Untyped                   ;
; APEX20K_TECHNOLOGY_MAPPER                      ; LUT        ; TECH_MAPPER_APEX20K       ;
; DEDICATED_MULTIPLIER_CIRCUITRY                 ; AUTO       ; Untyped                   ;
; DEDICATED_MULTIPLIER_MIN_INPUT_WIDTH_FOR_AUTO  ; 0          ; Untyped                   ;
; DEDICATED_MULTIPLIER_MIN_OUTPUT_WIDTH_FOR_AUTO ; 0          ; Untyped                   ;
; CBXI_PARAMETER                                 ; NOTHING    ; Untyped                   ;
; INPUT_A_FIXED_VALUE                            ; Bx         ; Untyped                   ;
; INPUT_B_FIXED_VALUE                            ; Bx         ; Untyped                   ;
; USE_AHDL_IMPLEMENTATION                        ; OFF        ; Untyped                   ;
+------------------------------------------------+------------+---------------------------+
Note: In order to hide this table in the UI and the text report file, please set the "Show Parameter Settings in Synthesis Report" option in "Analysis and Synthesis Settings -> More Settings" to "Off".


+------------------------------------------------------------------------------------------------------+
; Parameter Settings for User Entity Instance: lpm_constant0:inst1|lpm_constant:LPM_CONSTANT_component ;
+--------------------+------------------+--------------------------------------------------------------+
; Parameter Name     ; Value            ; Type                                                         ;
+--------------------+------------------+--------------------------------------------------------------+
; LPM_WIDTH          ; 3                ; Signed Integer                                               ;
; LPM_CVALUE         ; 1                ; Signed Integer                                               ;
; ENABLE_RUNTIME_MOD ; NO               ; Untyped                                                      ;
; CBXI_PARAMETER     ; lpm_constant_6e6 ; Untyped                                                      ;
+--------------------+------------------+--------------------------------------------------------------+
Note: In order to hide this table in the UI and the text report file, please set the "Show Parameter Settings in Synthesis Report" option in "Analysis and Synthesis Settings -> More Settings" to "Off".


+-------------------------------------------------------------------------------------+
; lpm_mult Parameter Settings by Entity Instance                                      ;
+---------------------------------------+---------------------------------------------+
; Name                                  ; Value                                       ;
+---------------------------------------+---------------------------------------------+
; Number of entity instances            ; 3                                           ;
; Entity Instance                       ; lpm_mult2:inst4|lpm_mult:lpm_mult_component ;
;     -- LPM_WIDTHA                     ; 14                                          ;
;     -- LPM_WIDTHB                     ; 3                                           ;
;     -- LPM_WIDTHP                     ; 17                                          ;
;     -- LPM_REPRESENTATION             ; SIGNED                                      ;
;     -- INPUT_A_IS_CONSTANT            ; NO                                          ;
;     -- INPUT_B_IS_CONSTANT            ; NO                                          ;
;     -- USE_EAB                        ; OFF                                         ;
;     -- DEDICATED_MULTIPLIER_CIRCUITRY ; AUTO                                        ;
;     -- INPUT_A_FIXED_VALUE            ; Bx                                          ;
;     -- INPUT_B_FIXED_VALUE            ; Bx                                          ;
; Entity Instance                       ; lpm_mult1:inst3|lpm_mult:lpm_mult_component ;
;     -- LPM_WIDTHA                     ; 14                                          ;
;     -- LPM_WIDTHB                     ; 3                                           ;
;     -- LPM_WIDTHP                     ; 17                                          ;
;     -- LPM_REPRESENTATION             ; SIGNED                                      ;
;     -- INPUT_A_IS_CONSTANT            ; NO                                          ;
;     -- INPUT_B_IS_CONSTANT            ; NO                                          ;
;     -- USE_EAB                        ; OFF                                         ;
;     -- DEDICATED_MULTIPLIER_CIRCUITRY ; AUTO                                        ;
;     -- INPUT_A_FIXED_VALUE            ; Bx                                          ;
;     -- INPUT_B_FIXED_VALUE            ; Bx                                          ;
; Entity Instance                       ; lpm_mult0:inst|lpm_mult:lpm_mult_component  ;
;     -- LPM_WIDTHA                     ; 14                                          ;
;     -- LPM_WIDTHB                     ; 3                                           ;
;     -- LPM_WIDTHP                     ; 17                                          ;
;     -- LPM_REPRESENTATION             ; SIGNED                                      ;
;     -- INPUT_A_IS_CONSTANT            ; NO                                          ;
;     -- INPUT_B_IS_CONSTANT            ; NO                                          ;
;     -- USE_EAB                        ; OFF                                         ;
;     -- DEDICATED_MULTIPLIER_CIRCUITRY ; AUTO                                        ;
;     -- INPUT_A_FIXED_VALUE            ; Bx                                          ;
;     -- INPUT_B_FIXED_VALUE            ; Bx                                          ;
+---------------------------------------+---------------------------------------------+


+-------------------------------+
; Elapsed Time Per Partition    ;
+----------------+--------------+
; Partition Name ; Elapsed Time ;
+----------------+--------------+
; Top            ; 00:00:00     ;
+----------------+--------------+


+-------------------------------+
; Analysis & Synthesis Messages ;
+-------------------------------+
Info: *******************************************************************
Info: Running Quartus II 64-Bit Analysis & Synthesis
    Info: Version 13.0.0 Build 156 04/24/2013 SJ Web Edition
    Info: Processing started: Mon Jul 22 00:11:56 2019
Info: Command: quartus_map --read_settings_files=on --write_settings_files=off Tiefpass -c Tiefpass
Warning (20028): Parallel compilation is not licensed and has been disabled
Info (12021): Found 1 design units, including 1 entities, in source file Tiefpass.bdf
    Info (12023): Found entity 1: Tiefpass
Info (12021): Found 44 design units, including 22 entities, in source file altfp_add_sub0.vhd
    Info (12022): Found design unit 1: altfp_add_sub0_altbarrel_shift_h0e-RTL
    Info (12022): Found design unit 2: altfp_add_sub0_altbarrel_shift_n3g-RTL
    Info (12022): Found design unit 3: altfp_add_sub0_altpriority_encoder_3e8-RTL
    Info (12022): Found design unit 4: altfp_add_sub0_altpriority_encoder_6e8-RTL
    Info (12022): Found design unit 5: altfp_add_sub0_altpriority_encoder_be8-RTL
    Info (12022): Found design unit 6: altfp_add_sub0_altpriority_encoder_3v7-RTL
    Info (12022): Found design unit 7: altfp_add_sub0_altpriority_encoder_6v7-RTL
    Info (12022): Found design unit 8: altfp_add_sub0_altpriority_encoder_bv7-RTL
    Info (12022): Found design unit 9: altfp_add_sub0_altpriority_encoder_uv8-RTL
    Info (12022): Found design unit 10: altfp_add_sub0_altpriority_encoder_ue9-RTL
    Info (12022): Found design unit 11: altfp_add_sub0_altpriority_encoder_ou8-RTL
    Info (12022): Found design unit 12: altfp_add_sub0_altpriority_encoder_nh8-RTL
    Info (12022): Found design unit 13: altfp_add_sub0_altpriority_encoder_qh8-RTL
    Info (12022): Found design unit 14: altfp_add_sub0_altpriority_encoder_vh8-RTL
    Info (12022): Found design unit 15: altfp_add_sub0_altpriority_encoder_ii9-RTL
    Info (12022): Found design unit 16: altfp_add_sub0_altpriority_encoder_n28-RTL
    Info (12022): Found design unit 17: altfp_add_sub0_altpriority_encoder_q28-RTL
    Info (12022): Found design unit 18: altfp_add_sub0_altpriority_encoder_v28-RTL
    Info (12022): Found design unit 19: altfp_add_sub0_altpriority_encoder_i39-RTL
    Info (12022): Found design unit 20: altfp_add_sub0_altpriority_encoder_cna-RTL
    Info (12022): Found design unit 21: altfp_add_sub0_altfp_add_sub_12j-RTL
    Info (12022): Found design unit 22: altfp_add_sub0-RTL
    Info (12023): Found entity 1: altfp_add_sub0_altbarrel_shift_h0e
    Info (12023): Found entity 2: altfp_add_sub0_altbarrel_shift_n3g
    Info (12023): Found entity 3: altfp_add_sub0_altpriority_encoder_3e8
    Info (12023): Found entity 4: altfp_add_sub0_altpriority_encoder_6e8
    Info (12023): Found entity 5: altfp_add_sub0_altpriority_encoder_be8
    Info (12023): Found entity 6: altfp_add_sub0_altpriority_encoder_3v7
    Info (12023): Found entity 7: altfp_add_sub0_altpriority_encoder_6v7
    Info (12023): Found entity 8: altfp_add_sub0_altpriority_encoder_bv7
    Info (12023): Found entity 9: altfp_add_sub0_altpriority_encoder_uv8
    Info (12023): Found entity 10: altfp_add_sub0_altpriority_encoder_ue9
    Info (12023): Found entity 11: altfp_add_sub0_altpriority_encoder_ou8
    Info (12023): Found entity 12: altfp_add_sub0_altpriority_encoder_nh8
    Info (12023): Found entity 13: altfp_add_sub0_altpriority_encoder_qh8
    Info (12023): Found entity 14: altfp_add_sub0_altpriority_encoder_vh8
    Info (12023): Found entity 15: altfp_add_sub0_altpriority_encoder_ii9
    Info (12023): Found entity 16: altfp_add_sub0_altpriority_encoder_n28
    Info (12023): Found entity 17: altfp_add_sub0_altpriority_encoder_q28
    Info (12023): Found entity 18: altfp_add_sub0_altpriority_encoder_v28
    Info (12023): Found entity 19: altfp_add_sub0_altpriority_encoder_i39
    Info (12023): Found entity 20: altfp_add_sub0_altpriority_encoder_cna
    Info (12023): Found entity 21: altfp_add_sub0_altfp_add_sub_12j
    Info (12023): Found entity 22: altfp_add_sub0
Info (12021): Found 2 design units, including 1 entities, in source file lpm_mult0.vhd
    Info (12022): Found design unit 1: lpm_mult0-SYN
    Info (12023): Found entity 1: lpm_mult0
Info (12021): Found 2 design units, including 1 entities, in source file lpm_mult1.vhd
    Info (12022): Found design unit 1: lpm_mult1-SYN
    Info (12023): Found entity 1: lpm_mult1
Info (12021): Found 2 design units, including 1 entities, in source file lpm_mult2.vhd
    Info (12022): Found design unit 1: lpm_mult2-SYN
    Info (12023): Found entity 1: lpm_mult2
Info (12021): Found 2 design units, including 1 entities, in source file lpm_add_sub0.vhd
    Info (12022): Found design unit 1: lpm_add_sub0-SYN
    Info (12023): Found entity 1: lpm_add_sub0
Info (12021): Found 2 design units, including 1 entities, in source file lpm_add_sub1.vhd
    Info (12022): Found design unit 1: lpm_add_sub1-SYN
    Info (12023): Found entity 1: lpm_add_sub1
Info (12021): Found 2 design units, including 1 entities, in source file lpm_constant0.vhd
    Info (12022): Found design unit 1: lpm_constant0-SYN
    Info (12023): Found entity 1: lpm_constant0
Info (12021): Found 2 design units, including 1 entities, in source file lpm_constant1.vhd
    Info (12022): Found design unit 1: lpm_constant1-SYN
    Info (12023): Found entity 1: lpm_constant1
Info (12021): Found 2 design units, including 1 entities, in source file lpm_constant2.vhd
    Info (12022): Found design unit 1: lpm_constant2-SYN
    Info (12023): Found entity 1: lpm_constant2
Info (12127): Elaborating entity "Tiefpass" for the top level hierarchy
Info (12128): Elaborating entity "lpm_add_sub1" for hierarchy "lpm_add_sub1:inst9"
Info (12128): Elaborating entity "lpm_add_sub" for hierarchy "lpm_add_sub1:inst9|lpm_add_sub:LPM_ADD_SUB_component"
Info (12130): Elaborated megafunction instantiation "lpm_add_sub1:inst9|lpm_add_sub:LPM_ADD_SUB_component"
Info (12133): Instantiated megafunction "lpm_add_sub1:inst9|lpm_add_sub:LPM_ADD_SUB_component" with the following parameter:
    Info (12134): Parameter "lpm_direction" = "ADD"
    Info (12134): Parameter "lpm_hint" = "ONE_INPUT_IS_CONSTANT=NO,CIN_USED=NO"
    Info (12134): Parameter "lpm_representation" = "SIGNED"
    Info (12134): Parameter "lpm_type" = "LPM_ADD_SUB"
    Info (12134): Parameter "lpm_width" = "14"
Info (12021): Found 1 design units, including 1 entities, in source file db/add_sub_meh.tdf
    Info (12023): Found entity 1: add_sub_meh
Info (12128): Elaborating entity "add_sub_meh" for hierarchy "lpm_add_sub1:inst9|lpm_add_sub:LPM_ADD_SUB_component|add_sub_meh:auto_generated"
Info (12128): Elaborating entity "lpm_mult2" for hierarchy "lpm_mult2:inst4"
Info (12128): Elaborating entity "lpm_mult" for hierarchy "lpm_mult2:inst4|lpm_mult:lpm_mult_component"
Info (12130): Elaborated megafunction instantiation "lpm_mult2:inst4|lpm_mult:lpm_mult_component"
Info (12133): Instantiated megafunction "lpm_mult2:inst4|lpm_mult:lpm_mult_component" with the following parameter:
    Info (12134): Parameter "lpm_hint" = "MAXIMIZE_SPEED=5"
    Info (12134): Parameter "lpm_representation" = "SIGNED"
    Info (12134): Parameter "lpm_type" = "LPM_MULT"
    Info (12134): Parameter "lpm_widtha" = "14"
    Info (12134): Parameter "lpm_widthb" = "3"
    Info (12134): Parameter "lpm_widthp" = "17"
Info (12128): Elaborating entity "multcore" for hierarchy "lpm_mult2:inst4|lpm_mult:lpm_mult_component|multcore:mult_core"
Info (12131): Elaborated megafunction instantiation "lpm_mult2:inst4|lpm_mult:lpm_mult_component|multcore:mult_core", which is child of megafunction instantiation "lpm_mult2:inst4|lpm_mult:lpm_mult_component"
Info (12128): Elaborating entity "mul_lfrg" for hierarchy "lpm_mult2:inst4|lpm_mult:lpm_mult_component|multcore:mult_core|mul_lfrg:mul_lfrg_first_mod"
Info (12131): Elaborated megafunction instantiation "lpm_mult2:inst4|lpm_mult:lpm_mult_component|multcore:mult_core|mul_lfrg:mul_lfrg_first_mod", which is child of megafunction instantiation "lpm_mult2:inst4|lpm_mult:lpm_mult_component"
Info (12128): Elaborating entity "mul_lfrg" for hierarchy "lpm_mult2:inst4|lpm_mult:lpm_mult_component|multcore:mult_core|mul_lfrg:mul_lfrg_last_mod"
Info (12131): Elaborated megafunction instantiation "lpm_mult2:inst4|lpm_mult:lpm_mult_component|multcore:mult_core|mul_lfrg:mul_lfrg_last_mod", which is child of megafunction instantiation "lpm_mult2:inst4|lpm_mult:lpm_mult_component"
Info (12128): Elaborating entity "mpar_add" for hierarchy "lpm_mult2:inst4|lpm_mult:lpm_mult_component|multcore:mult_core|mpar_add:padder"
Info (12131): Elaborated megafunction instantiation "lpm_mult2:inst4|lpm_mult:lpm_mult_component|multcore:mult_core|mpar_add:padder", which is child of megafunction instantiation "lpm_mult2:inst4|lpm_mult:lpm_mult_component"
Info (12128): Elaborating entity "lpm_add_sub" for hierarchy "lpm_mult2:inst4|lpm_mult:lpm_mult_component|multcore:mult_core|mpar_add:padder|lpm_add_sub:booth_adder_right"
Info (12131): Elaborated megafunction instantiation "lpm_mult2:inst4|lpm_mult:lpm_mult_component|multcore:mult_core|mpar_add:padder|lpm_add_sub:booth_adder_right", which is child of megafunction instantiation "lpm_mult2:inst4|lpm_mult:lpm_mult_component"
Info (12021): Found 1 design units, including 1 entities, in source file db/add_sub_0lf.tdf
    Info (12023): Found entity 1: add_sub_0lf
Info (12128): Elaborating entity "add_sub_0lf" for hierarchy "lpm_mult2:inst4|lpm_mult:lpm_mult_component|multcore:mult_core|mpar_add:padder|lpm_add_sub:booth_adder_right|add_sub_0lf:auto_generated"
Info (12128): Elaborating entity "lpm_add_sub" for hierarchy "lpm_mult2:inst4|lpm_mult:lpm_mult_component|multcore:mult_core|mpar_add:padder|lpm_add_sub:adder[0]"
Info (12131): Elaborated megafunction instantiation "lpm_mult2:inst4|lpm_mult:lpm_mult_component|multcore:mult_core|mpar_add:padder|lpm_add_sub:adder[0]", which is child of megafunction instantiation "lpm_mult2:inst4|lpm_mult:lpm_mult_component"
Info (12021): Found 1 design units, including 1 entities, in source file db/add_sub_i1h.tdf
    Info (12023): Found entity 1: add_sub_i1h
Info (12128): Elaborating entity "add_sub_i1h" for hierarchy "lpm_mult2:inst4|lpm_mult:lpm_mult_component|multcore:mult_core|mpar_add:padder|lpm_add_sub:adder[0]|add_sub_i1h:auto_generated"
Info (12128): Elaborating entity "mul_lfrg" for hierarchy "lpm_mult2:inst4|lpm_mult:lpm_mult_component|multcore:mult_core|mul_lfrg:$00031"
Info (12131): Elaborated megafunction instantiation "lpm_mult2:inst4|lpm_mult:lpm_mult_component|multcore:mult_core|mul_lfrg:$00031", which is child of megafunction instantiation "lpm_mult2:inst4|lpm_mult:lpm_mult_component"
Info (12128): Elaborating entity "mul_lfrg" for hierarchy "lpm_mult2:inst4|lpm_mult:lpm_mult_component|multcore:mult_core|mul_lfrg:$00033"
Info (12131): Elaborated megafunction instantiation "lpm_mult2:inst4|lpm_mult:lpm_mult_component|multcore:mult_core|mul_lfrg:$00033", which is child of megafunction instantiation "lpm_mult2:inst4|lpm_mult:lpm_mult_component"
Info (12128): Elaborating entity "mul_lfrg" for hierarchy "lpm_mult2:inst4|lpm_mult:lpm_mult_component|multcore:mult_core|mul_lfrg:$00035"
Info (12131): Elaborated megafunction instantiation "lpm_mult2:inst4|lpm_mult:lpm_mult_component|multcore:mult_core|mul_lfrg:$00035", which is child of megafunction instantiation "lpm_mult2:inst4|lpm_mult:lpm_mult_component"
Info (12128): Elaborating entity "mul_lfrg" for hierarchy "lpm_mult2:inst4|lpm_mult:lpm_mult_component|multcore:mult_core|mul_lfrg:$00037"
Info (12131): Elaborated megafunction instantiation "lpm_mult2:inst4|lpm_mult:lpm_mult_component|multcore:mult_core|mul_lfrg:$00037", which is child of megafunction instantiation "lpm_mult2:inst4|lpm_mult:lpm_mult_component"
Info (12128): Elaborating entity "altshift" for hierarchy "lpm_mult2:inst4|lpm_mult:lpm_mult_component|altshift:external_latency_ffs"
Info (12131): Elaborated megafunction instantiation "lpm_mult2:inst4|lpm_mult:lpm_mult_component|altshift:external_latency_ffs", which is child of megafunction instantiation "lpm_mult2:inst4|lpm_mult:lpm_mult_component"
Info (12128): Elaborating entity "LPM_DFF" for hierarchy "LPM_DFF:inst7"
Info (12130): Elaborated megafunction instantiation "LPM_DFF:inst7"
Info (12133): Instantiated megafunction "LPM_DFF:inst7" with the following parameter:
    Info (12134): Parameter "LPM_WIDTH" = "14"
Info (12128): Elaborating entity "lpm_constant2" for hierarchy "lpm_constant2:inst5"
Info (12128): Elaborating entity "lpm_constant" for hierarchy "lpm_constant2:inst5|lpm_constant:LPM_CONSTANT_component"
Info (12130): Elaborated megafunction instantiation "lpm_constant2:inst5|lpm_constant:LPM_CONSTANT_component"
Info (12133): Instantiated megafunction "lpm_constant2:inst5|lpm_constant:LPM_CONSTANT_component" with the following parameter:
    Info (12134): Parameter "lpm_cvalue" = "1"
    Info (12134): Parameter "lpm_hint" = "ENABLE_RUNTIME_MOD=NO"
    Info (12134): Parameter "lpm_type" = "LPM_CONSTANT"
    Info (12134): Parameter "lpm_width" = "3"
Info (12128): Elaborating entity "lpm_add_sub0" for hierarchy "lpm_add_sub0:inst8"
Info (12128): Elaborating entity "lpm_mult1" for hierarchy "lpm_mult1:inst3"
Info (12128): Elaborating entity "lpm_constant1" for hierarchy "lpm_constant1:inst2"
Info (12128): Elaborating entity "lpm_constant" for hierarchy "lpm_constant1:inst2|lpm_constant:LPM_CONSTANT_component"
Info (12130): Elaborated megafunction instantiation "lpm_constant1:inst2|lpm_constant:LPM_CONSTANT_component"
Info (12133): Instantiated megafunction "lpm_constant1:inst2|lpm_constant:LPM_CONSTANT_component" with the following parameter:
    Info (12134): Parameter "lpm_cvalue" = "2"
    Info (12134): Parameter "lpm_hint" = "ENABLE_RUNTIME_MOD=NO"
    Info (12134): Parameter "lpm_type" = "LPM_CONSTANT"
    Info (12134): Parameter "lpm_width" = "3"
Info (12128): Elaborating entity "lpm_mult0" for hierarchy "lpm_mult0:inst"
Info (12128): Elaborating entity "lpm_constant0" for hierarchy "lpm_constant0:inst1"
Info (17049): 4 registers lost all their fanouts during netlist optimizations.
Info (16010): Generating hard_block partition "hard_block:auto_generated_inst"
    Info (16011): Adding 0 node(s), including 0 DDIO, 0 PLL, 0 transceiver and 0 LCELL
Warning (21074): Design contains 1 input pin(s) that do not drive logic
    Warning (15610): No output dependent on input pin "x1[0]"
Info (21057): Implemented 95 device resources after synthesis - the final resource count might be different
    Info (21058): Implemented 15 input pins
    Info (21059): Implemented 14 output pins
    Info (21061): Implemented 66 logic cells
Info: Quartus II 64-Bit Analysis & Synthesis was successful. 0 errors, 3 warnings
    Info: Peak virtual memory: 685 megabytes
    Info: Processing ended: Mon Jul 22 00:12:00 2019
    Info: Elapsed time: 00:00:04
    Info: Total CPU time (on all processors): 00:00:02


