Flow report for Tiefpass
Mon Jul 22 00:12:19 2019
Quartus II 64-Bit Version 13.0.0 Build 156 04/24/2013 SJ Web Edition


---------------------
; Table of Contents ;
---------------------
  1. Legal Notice
  2. Flow Summary
  3. Flow Settings
  4. Flow Non-Default Global Settings
  5. Flow Elapsed Time
  6. Flow OS Summary
  7. Flow Log
  8. Flow Messages
  9. Flow Suppressed Messages



----------------
; Legal Notice ;
----------------
Copyright (C) 1991-2013 Altera Corporation
Your use of Altera Corporation's design tools, logic functions 
and other software and tools, and its AMPP partner logic 
functions, and any output files from any of the foregoing 
(including device programming or simulation files), and any 
associated documentation or information are expressly subject 
to the terms and conditions of the Altera Program License 
Subscription Agreement, Altera MegaCore Function License 
Agreement, or other applicable license agreement, including, 
without limitation, that your use is for the sole purpose of 
programming logic devices manufactured by Altera and sold by 
Altera or its authorized distributors.  Please refer to the 
applicable agreement for further details.



+---------------------------------------------------------------------------------+
; Flow Summary                                                                    ;
+------------------------------------+--------------------------------------------+
; Flow Status                        ; Successful - Mon Jul 22 00:12:19 2019      ;
; Quartus II 64-Bit Version          ; 13.0.0 Build 156 04/24/2013 SJ Web Edition ;
; Revision Name                      ; Tiefpass                                   ;
; Top-level Entity Name              ; Tiefpass                                   ;
; Family                             ; Cyclone II                                 ;
; Device                             ; EP2C50F672C6                               ;
; Timing Models                      ; Final                                      ;
; Total logic elements               ; 44 / 50,528 ( < 1 % )                      ;
;     Total combinational functions  ; 28 / 50,528 ( < 1 % )                      ;
;     Dedicated logic registers      ; 38 / 50,528 ( < 1 % )                      ;
; Total registers                    ; 38                                         ;
; Total pins                         ; 29 / 450 ( 6 % )                           ;
; Total virtual pins                 ; 0                                          ;
; Total memory bits                  ; 0 / 594,432 ( 0 % )                        ;
; Embedded Multiplier 9-bit elements ; 0 / 172 ( 0 % )                            ;
; Total PLLs                         ; 0 / 4 ( 0 % )                              ;
+------------------------------------+--------------------------------------------+


+-----------------------------------------+
; Flow Settings                           ;
+-------------------+---------------------+
; Option            ; Setting             ;
+-------------------+---------------------+
; Start date & time ; 07/22/2019 00:11:57 ;
; Main task         ; Compilation         ;
; Revision Name     ; Tiefpass            ;
+-------------------+---------------------+


+----------------------------------------------------------------------------------------------------------------+
; Flow Non-Default Global Settings                                                                               ;
+-------------------------------------+---------------------------+---------------+-------------+----------------+
; Assignment Name                     ; Value                     ; Default Value ; Entity Name ; Section Id     ;
+-------------------------------------+---------------------------+---------------+-------------+----------------+
; COMPILER_SIGNATURE_ID               ; 0.156374711703969         ; --            ; --          ; --             ;
; EDA_GENERATE_FUNCTIONAL_NETLIST     ; On                        ; --            ; --          ; eda_simulation ;
; EDA_OUTPUT_DATA_FORMAT              ; Verilog Hdl               ; --            ; --          ; eda_simulation ;
; EDA_SIMULATION_TOOL                 ; ModelSim-Altera (Verilog) ; <None>        ; --          ; --             ;
; IP_TOOL_NAME                        ; ALTFP_ADD_SUB             ; --            ; --          ; --             ;
; IP_TOOL_NAME                        ; LPM_MULT                  ; --            ; --          ; --             ;
; IP_TOOL_NAME                        ; LPM_MULT                  ; --            ; --          ; --             ;
; IP_TOOL_NAME                        ; LPM_MULT                  ; --            ; --          ; --             ;
; IP_TOOL_NAME                        ; LPM_ADD_SUB               ; --            ; --          ; --             ;
; IP_TOOL_NAME                        ; LPM_ADD_SUB               ; --            ; --          ; --             ;
; IP_TOOL_NAME                        ; LPM_CONSTANT              ; --            ; --          ; --             ;
; IP_TOOL_NAME                        ; LPM_CONSTANT              ; --            ; --          ; --             ;
; IP_TOOL_NAME                        ; LPM_CONSTANT              ; --            ; --          ; --             ;
; IP_TOOL_VERSION                     ; 13.0                      ; --            ; --          ; --             ;
; IP_TOOL_VERSION                     ; 13.0                      ; --            ; --          ; --             ;
; IP_TOOL_VERSION                     ; 13.0                      ; --            ; --          ; --             ;
; IP_TOOL_VERSION                     ; 13.0                      ; --            ; --          ; --             ;
; IP_TOOL_VERSION                     ; 13.0                      ; --            ; --          ; --             ;
; IP_TOOL_VERSION                     ; 13.0                      ; --            ; --          ; --             ;
; IP_TOOL_VERSION                     ; 13.0                      ; --            ; --          ; --             ;
; IP_TOOL_VERSION                     ; 13.0                      ; --            ; --          ; --             ;
; IP_TOOL_VERSION                     ; 13.0                      ; --            ; --          ; --             ;
; MAX_CORE_JUNCTION_TEMP              ; 85                        ; --            ; --          ; --             ;
; MIN_CORE_JUNCTION_TEMP              ; 0                         ; --            ; --          ; --             ;
; MISC_FILE                           ; altfp_add_sub0.bsf        ; --            ; --          ; --             ;
; MISC_FILE                           ; altfp_add_sub0.cmp        ; --            ; --          ; --             ;
; MISC_FILE                           ; lpm_mult0.bsf             ; --            ; --          ; --             ;
; MISC_FILE                           ; lpm_mult0.cmp             ; --            ; --          ; --             ;
; MISC_FILE                           ; lpm_mult1.bsf             ; --            ; --          ; --             ;
; MISC_FILE                           ; lpm_mult1.cmp             ; --            ; --          ; --             ;
; MISC_FILE                           ; lpm_mult2.bsf             ; --            ; --          ; --             ;
; MISC_FILE                           ; lpm_mult2.cmp             ; --            ; --          ; --             ;
; MISC_FILE                           ; lpm_add_sub0.bsf          ; --            ; --          ; --             ;
; MISC_FILE                           ; lpm_add_sub0.cmp          ; --            ; --          ; --             ;
; MISC_FILE                           ; lpm_add_sub1.bsf          ; --            ; --          ; --             ;
; MISC_FILE                           ; lpm_add_sub1.cmp          ; --            ; --          ; --             ;
; MISC_FILE                           ; lpm_constant0.bsf         ; --            ; --          ; --             ;
; MISC_FILE                           ; lpm_constant0.cmp         ; --            ; --          ; --             ;
; MISC_FILE                           ; lpm_constant1.bsf         ; --            ; --          ; --             ;
; MISC_FILE                           ; lpm_constant1.cmp         ; --            ; --          ; --             ;
; MISC_FILE                           ; lpm_constant2.bsf         ; --            ; --          ; --             ;
; MISC_FILE                           ; lpm_constant2.cmp         ; --            ; --          ; --             ;
; PARTITION_COLOR                     ; 16764057                  ; --            ; --          ; Top            ;
; PARTITION_FITTER_PRESERVATION_LEVEL ; PLACEMENT_AND_ROUTING     ; --            ; --          ; Top            ;
; PARTITION_NETLIST_TYPE              ; SOURCE                    ; --            ; --          ; Top            ;
; PROJECT_OUTPUT_DIRECTORY            ; output_files              ; --            ; --          ; --             ;
+-------------------------------------+---------------------------+---------------+-------------+----------------+


+-------------------------------------------------------------------------------------------------------------------------------+
; Flow Elapsed Time                                                                                                             ;
+---------------------------+--------------+-------------------------+---------------------+------------------------------------+
; Module Name               ; Elapsed Time ; Average Processors Used ; Peak Virtual Memory ; Total CPU Time (on all processors) ;
+---------------------------+--------------+-------------------------+---------------------+------------------------------------+
; Analysis & Synthesis      ; 00:00:03     ; 1.0                     ; 662 MB              ; 00:00:02                           ;
; Fitter                    ; 00:00:08     ; 1.0                     ; 773 MB              ; 00:00:08                           ;
; Assembler                 ; 00:00:03     ; 1.0                     ; 565 MB              ; 00:00:03                           ;
; TimeQuest Timing Analyzer ; 00:00:01     ; 1.0                     ; 510 MB              ; 00:00:01                           ;
; EDA Netlist Writer        ; 00:00:01     ; 1.0                     ; 789 MB              ; 00:00:01                           ;
; Total                     ; 00:00:16     ; --                      ; --                  ; 00:00:15                           ;
+---------------------------+--------------+-------------------------+---------------------+------------------------------------+


+---------------------------------------------------------------------------------------------+
; Flow OS Summary                                                                             ;
+---------------------------+------------------+----------------+------------+----------------+
; Module Name               ; Machine Hostname ; OS Name        ; OS Version ; Processor type ;
+---------------------------+------------------+----------------+------------+----------------+
; Analysis & Synthesis      ; jiayang-PC       ; Ubuntu 18.04.2 ; 18         ; x86_64         ;
; Fitter                    ; jiayang-PC       ; Ubuntu 18.04.2 ; 18         ; x86_64         ;
; Assembler                 ; jiayang-PC       ; Ubuntu 18.04.2 ; 18         ; x86_64         ;
; TimeQuest Timing Analyzer ; jiayang-PC       ; Ubuntu 18.04.2 ; 18         ; x86_64         ;
; EDA Netlist Writer        ; jiayang-PC       ; Ubuntu 18.04.2 ; 18         ; x86_64         ;
+---------------------------+------------------+----------------+------------+----------------+


------------
; Flow Log ;
------------
quartus_map --read_settings_files=on --write_settings_files=off Tiefpass -c Tiefpass
quartus_fit --read_settings_files=off --write_settings_files=off Tiefpass -c Tiefpass
quartus_asm --read_settings_files=off --write_settings_files=off Tiefpass -c Tiefpass
quartus_sta Tiefpass -c Tiefpass
quartus_eda --read_settings_files=off --write_settings_files=off Tiefpass -c Tiefpass



