Flow report for Lauflicht
Wed Jun 19 01:40:02 2019
Quartus II 64-Bit Version 13.0.0 Build 156 04/24/2013 SJ Web Edition


---------------------
; Table of Contents ;
---------------------
  1. Legal Notice
  2. Flow Summary
  3. Flow Settings
  4. Flow Non-Default Global Settings
  5. Flow Elapsed Time
  6. Flow OS Summary
  7. Flow Log
  8. Flow Messages
  9. Flow Suppressed Messages



----------------
; Legal Notice ;
----------------
Copyright (C) 1991-2013 Altera Corporation
Your use of Altera Corporation's design tools, logic functions 
and other software and tools, and its AMPP partner logic 
functions, and any output files from any of the foregoing 
(including device programming or simulation files), and any 
associated documentation or information are expressly subject 
to the terms and conditions of the Altera Program License 
Subscription Agreement, Altera MegaCore Function License 
Agreement, or other applicable license agreement, including, 
without limitation, that your use is for the sole purpose of 
programming logic devices manufactured by Altera and sold by 
Altera or its authorized distributors.  Please refer to the 
applicable agreement for further details.



+---------------------------------------------------------------------------------+
; Flow Summary                                                                    ;
+------------------------------------+--------------------------------------------+
; Flow Status                        ; Successful - Wed Jun 19 01:40:02 2019      ;
; Quartus II 64-Bit Version          ; 13.0.0 Build 156 04/24/2013 SJ Web Edition ;
; Revision Name                      ; Lauflicht                                  ;
; Top-level Entity Name              ; Lauflicht                                  ;
; Family                             ; Cyclone II                                 ;
; Device                             ; EP2C70F672C6                               ;
; Timing Models                      ; Final                                      ;
; Total logic elements               ; 78 / 68,416 ( < 1 % )                      ;
;     Total combinational functions  ; 69 / 68,416 ( < 1 % )                      ;
;     Dedicated logic registers      ; 36 / 68,416 ( < 1 % )                      ;
; Total registers                    ; 36                                         ;
; Total pins                         ; 26 / 422 ( 6 % )                           ;
; Total virtual pins                 ; 0                                          ;
; Total memory bits                  ; 0 / 1,152,000 ( 0 % )                      ;
; Embedded Multiplier 9-bit elements ; 0 / 300 ( 0 % )                            ;
; Total PLLs                         ; 0 / 4 ( 0 % )                              ;
+------------------------------------+--------------------------------------------+


+-----------------------------------------+
; Flow Settings                           ;
+-------------------+---------------------+
; Option            ; Setting             ;
+-------------------+---------------------+
; Start date & time ; 06/19/2019 01:39:35 ;
; Main task         ; Compilation         ;
; Revision Name     ; Lauflicht           ;
+-------------------+---------------------+


+----------------------------------------------------------------------------------------------------------------+
; Flow Non-Default Global Settings                                                                               ;
+-------------------------------------+---------------------------+---------------+-------------+----------------+
; Assignment Name                     ; Value                     ; Default Value ; Entity Name ; Section Id     ;
+-------------------------------------+---------------------------+---------------+-------------+----------------+
; COMPILER_SIGNATURE_ID               ; 0.156090117505791         ; --            ; --          ; --             ;
; EDA_GENERATE_FUNCTIONAL_NETLIST     ; On                        ; --            ; --          ; eda_simulation ;
; EDA_OUTPUT_DATA_FORMAT              ; Verilog Hdl               ; --            ; --          ; eda_simulation ;
; EDA_SIMULATION_TOOL                 ; ModelSim-Altera (Verilog) ; <None>        ; --          ; --             ;
; MAX_CORE_JUNCTION_TEMP              ; 85                        ; --            ; --          ; --             ;
; MIN_CORE_JUNCTION_TEMP              ; 0                         ; --            ; --          ; --             ;
; PARTITION_COLOR                     ; 16764057                  ; --            ; --          ; Top            ;
; PARTITION_FITTER_PRESERVATION_LEVEL ; PLACEMENT_AND_ROUTING     ; --            ; --          ; Top            ;
; PARTITION_NETLIST_TYPE              ; SOURCE                    ; --            ; --          ; Top            ;
; PROJECT_OUTPUT_DIRECTORY            ; output_files              ; --            ; --          ; --             ;
+-------------------------------------+---------------------------+---------------+-------------+----------------+


+-------------------------------------------------------------------------------------------------------------------------------+
; Flow Elapsed Time                                                                                                             ;
+---------------------------+--------------+-------------------------+---------------------+------------------------------------+
; Module Name               ; Elapsed Time ; Average Processors Used ; Peak Virtual Memory ; Total CPU Time (on all processors) ;
+---------------------------+--------------+-------------------------+---------------------+------------------------------------+
; Analysis & Synthesis      ; 00:00:02     ; 1.0                     ; 617 MB              ; 00:00:02                           ;
; Fitter                    ; 00:00:12     ; 1.0                     ; 828 MB              ; 00:00:12                           ;
; Assembler                 ; 00:00:04     ; 1.0                     ; 564 MB              ; 00:00:04                           ;
; TimeQuest Timing Analyzer ; 00:00:01     ; 1.0                     ; 513 MB              ; 00:00:01                           ;
; EDA Netlist Writer        ; 00:00:01     ; 1.0                     ; 789 MB              ; 00:00:00                           ;
; Total                     ; 00:00:20     ; --                      ; --                  ; 00:00:19                           ;
+---------------------------+--------------+-------------------------+---------------------+------------------------------------+


+---------------------------------------------------------------------------------------------+
; Flow OS Summary                                                                             ;
+---------------------------+------------------+----------------+------------+----------------+
; Module Name               ; Machine Hostname ; OS Name        ; OS Version ; Processor type ;
+---------------------------+------------------+----------------+------------+----------------+
; Analysis & Synthesis      ; jiayang-PC       ; Ubuntu 18.04.2 ; 18         ; x86_64         ;
; Fitter                    ; jiayang-PC       ; Ubuntu 18.04.2 ; 18         ; x86_64         ;
; Assembler                 ; jiayang-PC       ; Ubuntu 18.04.2 ; 18         ; x86_64         ;
; TimeQuest Timing Analyzer ; jiayang-PC       ; Ubuntu 18.04.2 ; 18         ; x86_64         ;
; EDA Netlist Writer        ; jiayang-PC       ; Ubuntu 18.04.2 ; 18         ; x86_64         ;
+---------------------------+------------------+----------------+------------+----------------+


------------
; Flow Log ;
------------
quartus_map --read_settings_files=on --write_settings_files=off Lauflicht -c Lauflicht
quartus_fit --read_settings_files=off --write_settings_files=off Lauflicht -c Lauflicht
quartus_asm --read_settings_files=off --write_settings_files=off Lauflicht -c Lauflicht
quartus_sta Lauflicht -c Lauflicht
quartus_eda --read_settings_files=off --write_settings_files=off Lauflicht -c Lauflicht



