Flow report for Faltungscodierer
Tue Jun 11 23:38:17 2019
Quartus II 64-Bit Version 13.0.0 Build 156 04/24/2013 SJ Web Edition


---------------------
; Table of Contents ;
---------------------
  1. Legal Notice
  2. Flow Summary
  3. Flow Settings
  4. Flow Non-Default Global Settings
  5. Flow Elapsed Time
  6. Flow OS Summary
  7. Flow Log
  8. Flow Messages
  9. Flow Suppressed Messages



----------------
; Legal Notice ;
----------------
Copyright (C) 1991-2013 Altera Corporation
Your use of Altera Corporation's design tools, logic functions 
and other software and tools, and its AMPP partner logic 
functions, and any output files from any of the foregoing 
(including device programming or simulation files), and any 
associated documentation or information are expressly subject 
to the terms and conditions of the Altera Program License 
Subscription Agreement, Altera MegaCore Function License 
Agreement, or other applicable license agreement, including, 
without limitation, that your use is for the sole purpose of 
programming logic devices manufactured by Altera and sold by 
Altera or its authorized distributors.  Please refer to the 
applicable agreement for further details.



+---------------------------------------------------------------------------------+
; Flow Summary                                                                    ;
+------------------------------------+--------------------------------------------+
; Flow Status                        ; Successful - Tue Jun 11 23:38:17 2019      ;
; Quartus II 64-Bit Version          ; 13.0.0 Build 156 04/24/2013 SJ Web Edition ;
; Revision Name                      ; Faltungscodierer                           ;
; Top-level Entity Name              ; Faltungscodierer_a                         ;
; Family                             ; Cyclone II                                 ;
; Device                             ; EP2C70F672C6                               ;
; Timing Models                      ; Final                                      ;
; Total logic elements               ; 8 / 68,416 ( < 1 % )                       ;
;     Total combinational functions  ; 8 / 68,416 ( < 1 % )                       ;
;     Dedicated logic registers      ; 6 / 68,416 ( < 1 % )                       ;
; Total registers                    ; 6                                          ;
; Total pins                         ; 5 / 422 ( 1 % )                            ;
; Total virtual pins                 ; 0                                          ;
; Total memory bits                  ; 0 / 1,152,000 ( 0 % )                      ;
; Embedded Multiplier 9-bit elements ; 0 / 300 ( 0 % )                            ;
; Total PLLs                         ; 0 / 4 ( 0 % )                              ;
+------------------------------------+--------------------------------------------+


+-----------------------------------------+
; Flow Settings                           ;
+-------------------+---------------------+
; Option            ; Setting             ;
+-------------------+---------------------+
; Start date & time ; 06/11/2019 23:37:54 ;
; Main task         ; Compilation         ;
; Revision Name     ; Faltungscodierer    ;
+-------------------+---------------------+


+--------------------------------------------------------------------------------------------------------------------------------------+
; Flow Non-Default Global Settings                                                                                                     ;
+-------------------------------------+---------------------------------------+------------------+--------------------+----------------+
; Assignment Name                     ; Value                                 ; Default Value    ; Entity Name        ; Section Id     ;
+-------------------------------------+---------------------------------------+------------------+--------------------+----------------+
; COMPILER_SIGNATURE_ID               ; 0.156028907408684                     ; --               ; --                 ; --             ;
; EDA_GENERATE_FUNCTIONAL_NETLIST     ; On                                    ; --               ; --                 ; eda_simulation ;
; EDA_OUTPUT_DATA_FORMAT              ; Verilog Hdl                           ; --               ; --                 ; eda_simulation ;
; EDA_SIMULATION_TOOL                 ; ModelSim-Altera (Verilog)             ; <None>           ; --                 ; --             ;
; MAX_CORE_JUNCTION_TEMP              ; 85                                    ; --               ; --                 ; --             ;
; MIN_CORE_JUNCTION_TEMP              ; 0                                     ; --               ; --                 ; --             ;
; PARTITION_COLOR                     ; 16764057                              ; --               ; Faltungscodierer_a ; Top            ;
; PARTITION_FITTER_PRESERVATION_LEVEL ; PLACEMENT_AND_ROUTING                 ; --               ; Faltungscodierer_a ; Top            ;
; PARTITION_NETLIST_TYPE              ; SOURCE                                ; --               ; Faltungscodierer_a ; Top            ;
; POWER_BOARD_THERMAL_MODEL           ; None (CONSERVATIVE)                   ; --               ; --                 ; --             ;
; POWER_PRESET_COOLING_SOLUTION       ; 23 MM HEAT SINK WITH 200 LFPM AIRFLOW ; --               ; --                 ; --             ;
; PROJECT_OUTPUT_DIRECTORY            ; output_files                          ; --               ; --                 ; --             ;
; TOP_LEVEL_ENTITY                    ; Faltungscodierer_a                    ; Faltungscodierer ; --                 ; --             ;
+-------------------------------------+---------------------------------------+------------------+--------------------+----------------+


+-------------------------------------------------------------------------------------------------------------------------------+
; Flow Elapsed Time                                                                                                             ;
+---------------------------+--------------+-------------------------+---------------------+------------------------------------+
; Module Name               ; Elapsed Time ; Average Processors Used ; Peak Virtual Memory ; Total CPU Time (on all processors) ;
+---------------------------+--------------+-------------------------+---------------------+------------------------------------+
; Analysis & Synthesis      ; 00:00:01     ; 1.0                     ; 560 MB              ; 00:00:01                           ;
; Fitter                    ; 00:00:09     ; 1.0                     ; 831 MB              ; 00:00:09                           ;
; Assembler                 ; 00:00:04     ; 1.0                     ; 575 MB              ; 00:00:04                           ;
; TimeQuest Timing Analyzer ; 00:00:01     ; 1.0                     ; 512 MB              ; 00:00:01                           ;
; EDA Netlist Writer        ; 00:00:01     ; 1.0                     ; 789 MB              ; 00:00:00                           ;
; Total                     ; 00:00:16     ; --                      ; --                  ; 00:00:15                           ;
+---------------------------+--------------+-------------------------+---------------------+------------------------------------+


+---------------------------------------------------------------------------------------------+
; Flow OS Summary                                                                             ;
+---------------------------+------------------+----------------+------------+----------------+
; Module Name               ; Machine Hostname ; OS Name        ; OS Version ; Processor type ;
+---------------------------+------------------+----------------+------------+----------------+
; Analysis & Synthesis      ; jiayang-PC       ; Ubuntu 18.04.2 ; 18         ; x86_64         ;
; Fitter                    ; jiayang-PC       ; Ubuntu 18.04.2 ; 18         ; x86_64         ;
; Assembler                 ; jiayang-PC       ; Ubuntu 18.04.2 ; 18         ; x86_64         ;
; TimeQuest Timing Analyzer ; jiayang-PC       ; Ubuntu 18.04.2 ; 18         ; x86_64         ;
; EDA Netlist Writer        ; jiayang-PC       ; Ubuntu 18.04.2 ; 18         ; x86_64         ;
+---------------------------+------------------+----------------+------------+----------------+


------------
; Flow Log ;
------------
quartus_map --read_settings_files=on --write_settings_files=off Faltungscodierer -c Faltungscodierer
quartus_fit --read_settings_files=off --write_settings_files=off Faltungscodierer -c Faltungscodierer
quartus_asm --read_settings_files=off --write_settings_files=off Faltungscodierer -c Faltungscodierer
quartus_sta Faltungscodierer -c Faltungscodierer
quartus_eda --read_settings_files=off --write_settings_files=off Faltungscodierer -c Faltungscodierer



