Simulator report for choose
Tue Jul 09 14:41:15 2019
Quartus II 64-Bit Version 13.0.1 Build 232 06/12/2013 Service Pack 1 SJ Full Version


---------------------
; Table of Contents ;
---------------------
  1. Legal Notice
  2. Simulator Summary
  3. Simulator Settings
  4. Simulation Waveforms
  5. Coverage Summary
  6. Complete 1/0-Value Coverage
  7. Missing 1-Value Coverage
  8. Missing 0-Value Coverage
  9. Simulator INI Usage
 10. Simulator Messages



----------------
; Legal Notice ;
----------------
Copyright (C) 1991-2013 Altera Corporation
Your use of Altera Corporation's design tools, logic functions 
and other software and tools, and its AMPP partner logic 
functions, and any output files from any of the foregoing 
(including device programming or simulation files), and any 
associated documentation or information are expressly subject 
to the terms and conditions of the Altera Program License 
Subscription Agreement, Altera MegaCore Function License 
Agreement, or other applicable license agreement, including, 
without limitation, that your use is for the sole purpose of 
programming logic devices manufactured by Altera and sold by 
Altera or its authorized distributors.  Please refer to the 
applicable agreement for further details.



+--------------------------------------------+
; Simulator Summary                          ;
+-----------------------------+--------------+
; Type                        ; Value        ;
+-----------------------------+--------------+
; Simulation Start Time       ; 0 ps         ;
; Simulation End Time         ; 1.0 us       ;
; Simulation Netlist Size     ; 381 nodes    ;
; Simulation Coverage         ;      53.28 % ;
; Total Number of Transitions ; 1445         ;
; Simulation Breakpoints      ; 0            ;
; Family                      ; Cyclone II   ;
+-----------------------------+--------------+


+--------------------------------------------------------------------------------------------------------------------------------------------------+
; Simulator Settings                                                                                                                               ;
+--------------------------------------------------------------------------------------------+-------------------------------------+---------------+
; Option                                                                                     ; Setting                             ; Default Value ;
+--------------------------------------------------------------------------------------------+-------------------------------------+---------------+
; Simulation mode                                                                            ; Functional                          ; Timing        ;
; Start time                                                                                 ; 0 ns                                ; 0 ns          ;
; Simulation results format                                                                  ; VWF                                 ;               ;
; Vector input source                                                                        ; E:/DigitaleFilter/choose/choose.vwf ;               ;
; Add pins automatically to simulation output waveforms                                      ; On                                  ; On            ;
; Check outputs                                                                              ; Off                                 ; Off           ;
; Report simulation coverage                                                                 ; On                                  ; On            ;
; Display complete 1/0 value coverage report                                                 ; On                                  ; On            ;
; Display missing 1-value coverage report                                                    ; On                                  ; On            ;
; Display missing 0-value coverage report                                                    ; On                                  ; On            ;
; Detect setup and hold time violations                                                      ; Off                                 ; Off           ;
; Detect glitches                                                                            ; Off                                 ; Off           ;
; Disable timing delays in Timing Simulation                                                 ; Off                                 ; Off           ;
; Generate Signal Activity File                                                              ; Off                                 ; Off           ;
; Generate VCD File for PowerPlay Power Analyzer                                             ; Off                                 ; Off           ;
; Group bus channels in simulation results                                                   ; Off                                 ; Off           ;
; Preserve fewer signal transitions to reduce memory requirements                            ; On                                  ; On            ;
; Trigger vector comparison with the specified mode                                          ; INPUT_EDGE                          ; INPUT_EDGE    ;
; Disable setup and hold time violations detection in input registers of bi-directional pins ; Off                                 ; Off           ;
; Overwrite Waveform Inputs With Simulation Outputs                                          ; Off                                 ;               ;
; Perform Glitch Filtering in Timing Simulation                                              ; Auto                                ; Auto          ;
+--------------------------------------------------------------------------------------------+-------------------------------------+---------------+


+----------------------+
; Simulation Waveforms ;
+----------------------+
Waveform report data cannot be output to ASCII.
Please use Quartus II 64-Bit to view the waveform report data.


+--------------------------------------------------------------------+
; Coverage Summary                                                   ;
+-----------------------------------------------------+--------------+
; Type                                                ; Value        ;
+-----------------------------------------------------+--------------+
; Total coverage as a percentage                      ;      53.28 % ;
; Total nodes checked                                 ; 381          ;
; Total output ports checked                          ; 381          ;
; Total output ports with complete 1/0-value coverage ; 203          ;
; Total output ports with no 1/0-value coverage       ; 178          ;
; Total output ports with no 1-value coverage         ; 178          ;
; Total output ports with no 0-value coverage         ; 178          ;
+-----------------------------------------------------+--------------+


The following table displays output ports that toggle between 1 and 0 during simulation.
+------------------------------------------------------------------------------------------------------------------------------------------------+
; Complete 1/0-Value Coverage                                                                                                                    ;
+--------------------------------------------------------------+--------------------------------------------------------------+------------------+
; Node Name                                                    ; Output Port Name                                             ; Output Port Type ;
+--------------------------------------------------------------+--------------------------------------------------------------+------------------+
; |choose|output_final[10]~reg0                                ; |choose|output_final[10]~reg0                                ; regout           ;
; |choose|output_final[11]~reg0                                ; |choose|output_final[11]~reg0                                ; regout           ;
; |choose|output_final[12]~reg0                                ; |choose|output_final[12]~reg0                                ; regout           ;
; |choose|output_final[13]~reg0                                ; |choose|output_final[13]~reg0                                ; regout           ;
; |choose|clk                                                  ; |choose|clk                                                  ; out              ;
; |choose|filter_type2[0]                                      ; |choose|filter_type2[0]                                      ; out              ;
; |choose|filter_type2[1]                                      ; |choose|filter_type2[1]                                      ; out              ;
; |choose|output_final[10]                                     ; |choose|output_final[10]                                     ; pin_out          ;
; |choose|output_final[11]                                     ; |choose|output_final[11]                                     ; pin_out          ;
; |choose|output_final[12]                                     ; |choose|output_final[12]                                     ; pin_out          ;
; |choose|output_final[13]                                     ; |choose|output_final[13]                                     ; pin_out          ;
; |choose|lpm_mux:Mux13|mux_umc:auto_generated|_~1             ; |choose|lpm_mux:Mux13|mux_umc:auto_generated|_~1             ; out0             ;
; |choose|lpm_mux:Mux13|mux_umc:auto_generated|_~3             ; |choose|lpm_mux:Mux13|mux_umc:auto_generated|_~3             ; out0             ;
; |choose|lpm_mux:Mux13|mux_umc:auto_generated|_~5             ; |choose|lpm_mux:Mux13|mux_umc:auto_generated|_~5             ; out0             ;
; |choose|lpm_mux:Mux13|mux_umc:auto_generated|_~6             ; |choose|lpm_mux:Mux13|mux_umc:auto_generated|_~6             ; out0             ;
; |choose|lpm_mux:Mux13|mux_umc:auto_generated|_~7             ; |choose|lpm_mux:Mux13|mux_umc:auto_generated|_~7             ; out0             ;
; |choose|lpm_mux:Mux13|mux_umc:auto_generated|_~8             ; |choose|lpm_mux:Mux13|mux_umc:auto_generated|_~8             ; out0             ;
; |choose|lpm_mux:Mux13|mux_umc:auto_generated|_~9             ; |choose|lpm_mux:Mux13|mux_umc:auto_generated|_~9             ; out0             ;
; |choose|lpm_mux:Mux13|mux_umc:auto_generated|_~11            ; |choose|lpm_mux:Mux13|mux_umc:auto_generated|_~11            ; out0             ;
; |choose|lpm_mux:Mux13|mux_umc:auto_generated|_~13            ; |choose|lpm_mux:Mux13|mux_umc:auto_generated|_~13            ; out0             ;
; |choose|lpm_mux:Mux13|mux_umc:auto_generated|_~14            ; |choose|lpm_mux:Mux13|mux_umc:auto_generated|_~14            ; out0             ;
; |choose|lpm_mux:Mux13|mux_umc:auto_generated|_~15            ; |choose|lpm_mux:Mux13|mux_umc:auto_generated|_~15            ; out0             ;
; |choose|lpm_mux:Mux13|mux_umc:auto_generated|_~16            ; |choose|lpm_mux:Mux13|mux_umc:auto_generated|_~16            ; out0             ;
; |choose|lpm_mux:Mux13|mux_umc:auto_generated|_~17            ; |choose|lpm_mux:Mux13|mux_umc:auto_generated|_~17            ; out0             ;
; |choose|lpm_mux:Mux12|mux_umc:auto_generated|_~1             ; |choose|lpm_mux:Mux12|mux_umc:auto_generated|_~1             ; out0             ;
; |choose|lpm_mux:Mux12|mux_umc:auto_generated|_~3             ; |choose|lpm_mux:Mux12|mux_umc:auto_generated|_~3             ; out0             ;
; |choose|lpm_mux:Mux12|mux_umc:auto_generated|_~5             ; |choose|lpm_mux:Mux12|mux_umc:auto_generated|_~5             ; out0             ;
; |choose|lpm_mux:Mux12|mux_umc:auto_generated|_~6             ; |choose|lpm_mux:Mux12|mux_umc:auto_generated|_~6             ; out0             ;
; |choose|lpm_mux:Mux12|mux_umc:auto_generated|_~7             ; |choose|lpm_mux:Mux12|mux_umc:auto_generated|_~7             ; out0             ;
; |choose|lpm_mux:Mux12|mux_umc:auto_generated|_~8             ; |choose|lpm_mux:Mux12|mux_umc:auto_generated|_~8             ; out0             ;
; |choose|lpm_mux:Mux12|mux_umc:auto_generated|_~9             ; |choose|lpm_mux:Mux12|mux_umc:auto_generated|_~9             ; out0             ;
; |choose|lpm_mux:Mux12|mux_umc:auto_generated|_~11            ; |choose|lpm_mux:Mux12|mux_umc:auto_generated|_~11            ; out0             ;
; |choose|lpm_mux:Mux12|mux_umc:auto_generated|_~13            ; |choose|lpm_mux:Mux12|mux_umc:auto_generated|_~13            ; out0             ;
; |choose|lpm_mux:Mux12|mux_umc:auto_generated|_~14            ; |choose|lpm_mux:Mux12|mux_umc:auto_generated|_~14            ; out0             ;
; |choose|lpm_mux:Mux12|mux_umc:auto_generated|_~15            ; |choose|lpm_mux:Mux12|mux_umc:auto_generated|_~15            ; out0             ;
; |choose|lpm_mux:Mux12|mux_umc:auto_generated|_~16            ; |choose|lpm_mux:Mux12|mux_umc:auto_generated|_~16            ; out0             ;
; |choose|lpm_mux:Mux12|mux_umc:auto_generated|_~17            ; |choose|lpm_mux:Mux12|mux_umc:auto_generated|_~17            ; out0             ;
; |choose|lpm_mux:Mux11|mux_umc:auto_generated|_~1             ; |choose|lpm_mux:Mux11|mux_umc:auto_generated|_~1             ; out0             ;
; |choose|lpm_mux:Mux11|mux_umc:auto_generated|_~3             ; |choose|lpm_mux:Mux11|mux_umc:auto_generated|_~3             ; out0             ;
; |choose|lpm_mux:Mux11|mux_umc:auto_generated|_~5             ; |choose|lpm_mux:Mux11|mux_umc:auto_generated|_~5             ; out0             ;
; |choose|lpm_mux:Mux11|mux_umc:auto_generated|_~6             ; |choose|lpm_mux:Mux11|mux_umc:auto_generated|_~6             ; out0             ;
; |choose|lpm_mux:Mux11|mux_umc:auto_generated|_~7             ; |choose|lpm_mux:Mux11|mux_umc:auto_generated|_~7             ; out0             ;
; |choose|lpm_mux:Mux11|mux_umc:auto_generated|_~8             ; |choose|lpm_mux:Mux11|mux_umc:auto_generated|_~8             ; out0             ;
; |choose|lpm_mux:Mux11|mux_umc:auto_generated|_~9             ; |choose|lpm_mux:Mux11|mux_umc:auto_generated|_~9             ; out0             ;
; |choose|lpm_mux:Mux11|mux_umc:auto_generated|_~11            ; |choose|lpm_mux:Mux11|mux_umc:auto_generated|_~11            ; out0             ;
; |choose|lpm_mux:Mux11|mux_umc:auto_generated|_~13            ; |choose|lpm_mux:Mux11|mux_umc:auto_generated|_~13            ; out0             ;
; |choose|lpm_mux:Mux11|mux_umc:auto_generated|_~14            ; |choose|lpm_mux:Mux11|mux_umc:auto_generated|_~14            ; out0             ;
; |choose|lpm_mux:Mux11|mux_umc:auto_generated|_~15            ; |choose|lpm_mux:Mux11|mux_umc:auto_generated|_~15            ; out0             ;
; |choose|lpm_mux:Mux11|mux_umc:auto_generated|_~16            ; |choose|lpm_mux:Mux11|mux_umc:auto_generated|_~16            ; out0             ;
; |choose|lpm_mux:Mux11|mux_umc:auto_generated|_~17            ; |choose|lpm_mux:Mux11|mux_umc:auto_generated|_~17            ; out0             ;
; |choose|lpm_mux:Mux10|mux_umc:auto_generated|_~1             ; |choose|lpm_mux:Mux10|mux_umc:auto_generated|_~1             ; out0             ;
; |choose|lpm_mux:Mux10|mux_umc:auto_generated|_~3             ; |choose|lpm_mux:Mux10|mux_umc:auto_generated|_~3             ; out0             ;
; |choose|lpm_mux:Mux10|mux_umc:auto_generated|_~5             ; |choose|lpm_mux:Mux10|mux_umc:auto_generated|_~5             ; out0             ;
; |choose|lpm_mux:Mux10|mux_umc:auto_generated|_~6             ; |choose|lpm_mux:Mux10|mux_umc:auto_generated|_~6             ; out0             ;
; |choose|lpm_mux:Mux10|mux_umc:auto_generated|_~7             ; |choose|lpm_mux:Mux10|mux_umc:auto_generated|_~7             ; out0             ;
; |choose|lpm_mux:Mux10|mux_umc:auto_generated|_~8             ; |choose|lpm_mux:Mux10|mux_umc:auto_generated|_~8             ; out0             ;
; |choose|lpm_mux:Mux10|mux_umc:auto_generated|_~9             ; |choose|lpm_mux:Mux10|mux_umc:auto_generated|_~9             ; out0             ;
; |choose|lpm_mux:Mux10|mux_umc:auto_generated|_~11            ; |choose|lpm_mux:Mux10|mux_umc:auto_generated|_~11            ; out0             ;
; |choose|lpm_mux:Mux10|mux_umc:auto_generated|_~13            ; |choose|lpm_mux:Mux10|mux_umc:auto_generated|_~13            ; out0             ;
; |choose|lpm_mux:Mux10|mux_umc:auto_generated|_~14            ; |choose|lpm_mux:Mux10|mux_umc:auto_generated|_~14            ; out0             ;
; |choose|lpm_mux:Mux10|mux_umc:auto_generated|_~15            ; |choose|lpm_mux:Mux10|mux_umc:auto_generated|_~15            ; out0             ;
; |choose|lpm_mux:Mux10|mux_umc:auto_generated|_~16            ; |choose|lpm_mux:Mux10|mux_umc:auto_generated|_~16            ; out0             ;
; |choose|lpm_mux:Mux10|mux_umc:auto_generated|_~17            ; |choose|lpm_mux:Mux10|mux_umc:auto_generated|_~17            ; out0             ;
; |choose|lpm_mux:Mux9|mux_umc:auto_generated|_~1              ; |choose|lpm_mux:Mux9|mux_umc:auto_generated|_~1              ; out0             ;
; |choose|lpm_mux:Mux9|mux_umc:auto_generated|_~3              ; |choose|lpm_mux:Mux9|mux_umc:auto_generated|_~3              ; out0             ;
; |choose|lpm_mux:Mux9|mux_umc:auto_generated|_~5              ; |choose|lpm_mux:Mux9|mux_umc:auto_generated|_~5              ; out0             ;
; |choose|lpm_mux:Mux9|mux_umc:auto_generated|_~6              ; |choose|lpm_mux:Mux9|mux_umc:auto_generated|_~6              ; out0             ;
; |choose|lpm_mux:Mux9|mux_umc:auto_generated|_~7              ; |choose|lpm_mux:Mux9|mux_umc:auto_generated|_~7              ; out0             ;
; |choose|lpm_mux:Mux9|mux_umc:auto_generated|_~8              ; |choose|lpm_mux:Mux9|mux_umc:auto_generated|_~8              ; out0             ;
; |choose|lpm_mux:Mux9|mux_umc:auto_generated|_~9              ; |choose|lpm_mux:Mux9|mux_umc:auto_generated|_~9              ; out0             ;
; |choose|lpm_mux:Mux9|mux_umc:auto_generated|_~11             ; |choose|lpm_mux:Mux9|mux_umc:auto_generated|_~11             ; out0             ;
; |choose|lpm_mux:Mux9|mux_umc:auto_generated|_~13             ; |choose|lpm_mux:Mux9|mux_umc:auto_generated|_~13             ; out0             ;
; |choose|lpm_mux:Mux9|mux_umc:auto_generated|_~14             ; |choose|lpm_mux:Mux9|mux_umc:auto_generated|_~14             ; out0             ;
; |choose|lpm_mux:Mux9|mux_umc:auto_generated|_~15             ; |choose|lpm_mux:Mux9|mux_umc:auto_generated|_~15             ; out0             ;
; |choose|lpm_mux:Mux9|mux_umc:auto_generated|_~16             ; |choose|lpm_mux:Mux9|mux_umc:auto_generated|_~16             ; out0             ;
; |choose|lpm_mux:Mux9|mux_umc:auto_generated|_~17             ; |choose|lpm_mux:Mux9|mux_umc:auto_generated|_~17             ; out0             ;
; |choose|lpm_mux:Mux8|mux_umc:auto_generated|_~1              ; |choose|lpm_mux:Mux8|mux_umc:auto_generated|_~1              ; out0             ;
; |choose|lpm_mux:Mux8|mux_umc:auto_generated|_~3              ; |choose|lpm_mux:Mux8|mux_umc:auto_generated|_~3              ; out0             ;
; |choose|lpm_mux:Mux8|mux_umc:auto_generated|_~5              ; |choose|lpm_mux:Mux8|mux_umc:auto_generated|_~5              ; out0             ;
; |choose|lpm_mux:Mux8|mux_umc:auto_generated|_~6              ; |choose|lpm_mux:Mux8|mux_umc:auto_generated|_~6              ; out0             ;
; |choose|lpm_mux:Mux8|mux_umc:auto_generated|_~7              ; |choose|lpm_mux:Mux8|mux_umc:auto_generated|_~7              ; out0             ;
; |choose|lpm_mux:Mux8|mux_umc:auto_generated|_~8              ; |choose|lpm_mux:Mux8|mux_umc:auto_generated|_~8              ; out0             ;
; |choose|lpm_mux:Mux8|mux_umc:auto_generated|_~9              ; |choose|lpm_mux:Mux8|mux_umc:auto_generated|_~9              ; out0             ;
; |choose|lpm_mux:Mux8|mux_umc:auto_generated|_~11             ; |choose|lpm_mux:Mux8|mux_umc:auto_generated|_~11             ; out0             ;
; |choose|lpm_mux:Mux8|mux_umc:auto_generated|_~13             ; |choose|lpm_mux:Mux8|mux_umc:auto_generated|_~13             ; out0             ;
; |choose|lpm_mux:Mux8|mux_umc:auto_generated|_~14             ; |choose|lpm_mux:Mux8|mux_umc:auto_generated|_~14             ; out0             ;
; |choose|lpm_mux:Mux8|mux_umc:auto_generated|_~15             ; |choose|lpm_mux:Mux8|mux_umc:auto_generated|_~15             ; out0             ;
; |choose|lpm_mux:Mux8|mux_umc:auto_generated|_~16             ; |choose|lpm_mux:Mux8|mux_umc:auto_generated|_~16             ; out0             ;
; |choose|lpm_mux:Mux8|mux_umc:auto_generated|_~17             ; |choose|lpm_mux:Mux8|mux_umc:auto_generated|_~17             ; out0             ;
; |choose|lpm_mux:Mux7|mux_umc:auto_generated|_~1              ; |choose|lpm_mux:Mux7|mux_umc:auto_generated|_~1              ; out0             ;
; |choose|lpm_mux:Mux7|mux_umc:auto_generated|_~3              ; |choose|lpm_mux:Mux7|mux_umc:auto_generated|_~3              ; out0             ;
; |choose|lpm_mux:Mux7|mux_umc:auto_generated|_~5              ; |choose|lpm_mux:Mux7|mux_umc:auto_generated|_~5              ; out0             ;
; |choose|lpm_mux:Mux7|mux_umc:auto_generated|_~6              ; |choose|lpm_mux:Mux7|mux_umc:auto_generated|_~6              ; out0             ;
; |choose|lpm_mux:Mux7|mux_umc:auto_generated|_~7              ; |choose|lpm_mux:Mux7|mux_umc:auto_generated|_~7              ; out0             ;
; |choose|lpm_mux:Mux7|mux_umc:auto_generated|_~8              ; |choose|lpm_mux:Mux7|mux_umc:auto_generated|_~8              ; out0             ;
; |choose|lpm_mux:Mux7|mux_umc:auto_generated|_~9              ; |choose|lpm_mux:Mux7|mux_umc:auto_generated|_~9              ; out0             ;
; |choose|lpm_mux:Mux7|mux_umc:auto_generated|_~11             ; |choose|lpm_mux:Mux7|mux_umc:auto_generated|_~11             ; out0             ;
; |choose|lpm_mux:Mux7|mux_umc:auto_generated|_~13             ; |choose|lpm_mux:Mux7|mux_umc:auto_generated|_~13             ; out0             ;
; |choose|lpm_mux:Mux7|mux_umc:auto_generated|_~14             ; |choose|lpm_mux:Mux7|mux_umc:auto_generated|_~14             ; out0             ;
; |choose|lpm_mux:Mux7|mux_umc:auto_generated|_~15             ; |choose|lpm_mux:Mux7|mux_umc:auto_generated|_~15             ; out0             ;
; |choose|lpm_mux:Mux7|mux_umc:auto_generated|_~16             ; |choose|lpm_mux:Mux7|mux_umc:auto_generated|_~16             ; out0             ;
; |choose|lpm_mux:Mux7|mux_umc:auto_generated|_~17             ; |choose|lpm_mux:Mux7|mux_umc:auto_generated|_~17             ; out0             ;
; |choose|lpm_mux:Mux6|mux_umc:auto_generated|_~1              ; |choose|lpm_mux:Mux6|mux_umc:auto_generated|_~1              ; out0             ;
; |choose|lpm_mux:Mux6|mux_umc:auto_generated|_~3              ; |choose|lpm_mux:Mux6|mux_umc:auto_generated|_~3              ; out0             ;
; |choose|lpm_mux:Mux6|mux_umc:auto_generated|_~5              ; |choose|lpm_mux:Mux6|mux_umc:auto_generated|_~5              ; out0             ;
; |choose|lpm_mux:Mux6|mux_umc:auto_generated|_~6              ; |choose|lpm_mux:Mux6|mux_umc:auto_generated|_~6              ; out0             ;
; |choose|lpm_mux:Mux6|mux_umc:auto_generated|_~7              ; |choose|lpm_mux:Mux6|mux_umc:auto_generated|_~7              ; out0             ;
; |choose|lpm_mux:Mux6|mux_umc:auto_generated|_~8              ; |choose|lpm_mux:Mux6|mux_umc:auto_generated|_~8              ; out0             ;
; |choose|lpm_mux:Mux6|mux_umc:auto_generated|_~9              ; |choose|lpm_mux:Mux6|mux_umc:auto_generated|_~9              ; out0             ;
; |choose|lpm_mux:Mux6|mux_umc:auto_generated|_~11             ; |choose|lpm_mux:Mux6|mux_umc:auto_generated|_~11             ; out0             ;
; |choose|lpm_mux:Mux6|mux_umc:auto_generated|_~13             ; |choose|lpm_mux:Mux6|mux_umc:auto_generated|_~13             ; out0             ;
; |choose|lpm_mux:Mux6|mux_umc:auto_generated|_~14             ; |choose|lpm_mux:Mux6|mux_umc:auto_generated|_~14             ; out0             ;
; |choose|lpm_mux:Mux6|mux_umc:auto_generated|_~15             ; |choose|lpm_mux:Mux6|mux_umc:auto_generated|_~15             ; out0             ;
; |choose|lpm_mux:Mux6|mux_umc:auto_generated|_~16             ; |choose|lpm_mux:Mux6|mux_umc:auto_generated|_~16             ; out0             ;
; |choose|lpm_mux:Mux6|mux_umc:auto_generated|_~17             ; |choose|lpm_mux:Mux6|mux_umc:auto_generated|_~17             ; out0             ;
; |choose|lpm_mux:Mux5|mux_umc:auto_generated|_~1              ; |choose|lpm_mux:Mux5|mux_umc:auto_generated|_~1              ; out0             ;
; |choose|lpm_mux:Mux5|mux_umc:auto_generated|_~3              ; |choose|lpm_mux:Mux5|mux_umc:auto_generated|_~3              ; out0             ;
; |choose|lpm_mux:Mux5|mux_umc:auto_generated|_~5              ; |choose|lpm_mux:Mux5|mux_umc:auto_generated|_~5              ; out0             ;
; |choose|lpm_mux:Mux5|mux_umc:auto_generated|_~6              ; |choose|lpm_mux:Mux5|mux_umc:auto_generated|_~6              ; out0             ;
; |choose|lpm_mux:Mux5|mux_umc:auto_generated|_~7              ; |choose|lpm_mux:Mux5|mux_umc:auto_generated|_~7              ; out0             ;
; |choose|lpm_mux:Mux5|mux_umc:auto_generated|_~8              ; |choose|lpm_mux:Mux5|mux_umc:auto_generated|_~8              ; out0             ;
; |choose|lpm_mux:Mux5|mux_umc:auto_generated|_~9              ; |choose|lpm_mux:Mux5|mux_umc:auto_generated|_~9              ; out0             ;
; |choose|lpm_mux:Mux5|mux_umc:auto_generated|_~11             ; |choose|lpm_mux:Mux5|mux_umc:auto_generated|_~11             ; out0             ;
; |choose|lpm_mux:Mux5|mux_umc:auto_generated|_~13             ; |choose|lpm_mux:Mux5|mux_umc:auto_generated|_~13             ; out0             ;
; |choose|lpm_mux:Mux5|mux_umc:auto_generated|_~14             ; |choose|lpm_mux:Mux5|mux_umc:auto_generated|_~14             ; out0             ;
; |choose|lpm_mux:Mux5|mux_umc:auto_generated|_~15             ; |choose|lpm_mux:Mux5|mux_umc:auto_generated|_~15             ; out0             ;
; |choose|lpm_mux:Mux5|mux_umc:auto_generated|_~16             ; |choose|lpm_mux:Mux5|mux_umc:auto_generated|_~16             ; out0             ;
; |choose|lpm_mux:Mux5|mux_umc:auto_generated|_~17             ; |choose|lpm_mux:Mux5|mux_umc:auto_generated|_~17             ; out0             ;
; |choose|lpm_mux:Mux4|mux_umc:auto_generated|_~1              ; |choose|lpm_mux:Mux4|mux_umc:auto_generated|_~1              ; out0             ;
; |choose|lpm_mux:Mux4|mux_umc:auto_generated|_~3              ; |choose|lpm_mux:Mux4|mux_umc:auto_generated|_~3              ; out0             ;
; |choose|lpm_mux:Mux4|mux_umc:auto_generated|_~5              ; |choose|lpm_mux:Mux4|mux_umc:auto_generated|_~5              ; out0             ;
; |choose|lpm_mux:Mux4|mux_umc:auto_generated|_~6              ; |choose|lpm_mux:Mux4|mux_umc:auto_generated|_~6              ; out0             ;
; |choose|lpm_mux:Mux4|mux_umc:auto_generated|_~7              ; |choose|lpm_mux:Mux4|mux_umc:auto_generated|_~7              ; out0             ;
; |choose|lpm_mux:Mux4|mux_umc:auto_generated|_~8              ; |choose|lpm_mux:Mux4|mux_umc:auto_generated|_~8              ; out0             ;
; |choose|lpm_mux:Mux4|mux_umc:auto_generated|_~9              ; |choose|lpm_mux:Mux4|mux_umc:auto_generated|_~9              ; out0             ;
; |choose|lpm_mux:Mux4|mux_umc:auto_generated|_~11             ; |choose|lpm_mux:Mux4|mux_umc:auto_generated|_~11             ; out0             ;
; |choose|lpm_mux:Mux4|mux_umc:auto_generated|_~13             ; |choose|lpm_mux:Mux4|mux_umc:auto_generated|_~13             ; out0             ;
; |choose|lpm_mux:Mux4|mux_umc:auto_generated|_~14             ; |choose|lpm_mux:Mux4|mux_umc:auto_generated|_~14             ; out0             ;
; |choose|lpm_mux:Mux4|mux_umc:auto_generated|_~15             ; |choose|lpm_mux:Mux4|mux_umc:auto_generated|_~15             ; out0             ;
; |choose|lpm_mux:Mux4|mux_umc:auto_generated|_~16             ; |choose|lpm_mux:Mux4|mux_umc:auto_generated|_~16             ; out0             ;
; |choose|lpm_mux:Mux4|mux_umc:auto_generated|_~17             ; |choose|lpm_mux:Mux4|mux_umc:auto_generated|_~17             ; out0             ;
; |choose|lpm_mux:Mux3|mux_umc:auto_generated|_~1              ; |choose|lpm_mux:Mux3|mux_umc:auto_generated|_~1              ; out0             ;
; |choose|lpm_mux:Mux3|mux_umc:auto_generated|_~3              ; |choose|lpm_mux:Mux3|mux_umc:auto_generated|_~3              ; out0             ;
; |choose|lpm_mux:Mux3|mux_umc:auto_generated|_~5              ; |choose|lpm_mux:Mux3|mux_umc:auto_generated|_~5              ; out0             ;
; |choose|lpm_mux:Mux3|mux_umc:auto_generated|_~6              ; |choose|lpm_mux:Mux3|mux_umc:auto_generated|_~6              ; out0             ;
; |choose|lpm_mux:Mux3|mux_umc:auto_generated|_~7              ; |choose|lpm_mux:Mux3|mux_umc:auto_generated|_~7              ; out0             ;
; |choose|lpm_mux:Mux3|mux_umc:auto_generated|_~8              ; |choose|lpm_mux:Mux3|mux_umc:auto_generated|_~8              ; out0             ;
; |choose|lpm_mux:Mux3|mux_umc:auto_generated|_~9              ; |choose|lpm_mux:Mux3|mux_umc:auto_generated|_~9              ; out0             ;
; |choose|lpm_mux:Mux3|mux_umc:auto_generated|_~11             ; |choose|lpm_mux:Mux3|mux_umc:auto_generated|_~11             ; out0             ;
; |choose|lpm_mux:Mux3|mux_umc:auto_generated|_~13             ; |choose|lpm_mux:Mux3|mux_umc:auto_generated|_~13             ; out0             ;
; |choose|lpm_mux:Mux3|mux_umc:auto_generated|_~14             ; |choose|lpm_mux:Mux3|mux_umc:auto_generated|_~14             ; out0             ;
; |choose|lpm_mux:Mux3|mux_umc:auto_generated|_~15             ; |choose|lpm_mux:Mux3|mux_umc:auto_generated|_~15             ; out0             ;
; |choose|lpm_mux:Mux3|mux_umc:auto_generated|_~16             ; |choose|lpm_mux:Mux3|mux_umc:auto_generated|_~16             ; out0             ;
; |choose|lpm_mux:Mux3|mux_umc:auto_generated|result_node[0]~1 ; |choose|lpm_mux:Mux3|mux_umc:auto_generated|result_node[0]~1 ; out0             ;
; |choose|lpm_mux:Mux3|mux_umc:auto_generated|result_node[0]   ; |choose|lpm_mux:Mux3|mux_umc:auto_generated|result_node[0]   ; out0             ;
; |choose|lpm_mux:Mux2|mux_umc:auto_generated|_~1              ; |choose|lpm_mux:Mux2|mux_umc:auto_generated|_~1              ; out0             ;
; |choose|lpm_mux:Mux2|mux_umc:auto_generated|_~3              ; |choose|lpm_mux:Mux2|mux_umc:auto_generated|_~3              ; out0             ;
; |choose|lpm_mux:Mux2|mux_umc:auto_generated|_~6              ; |choose|lpm_mux:Mux2|mux_umc:auto_generated|_~6              ; out0             ;
; |choose|lpm_mux:Mux2|mux_umc:auto_generated|_~7              ; |choose|lpm_mux:Mux2|mux_umc:auto_generated|_~7              ; out0             ;
; |choose|lpm_mux:Mux2|mux_umc:auto_generated|_~8              ; |choose|lpm_mux:Mux2|mux_umc:auto_generated|_~8              ; out0             ;
; |choose|lpm_mux:Mux2|mux_umc:auto_generated|_~9              ; |choose|lpm_mux:Mux2|mux_umc:auto_generated|_~9              ; out0             ;
; |choose|lpm_mux:Mux2|mux_umc:auto_generated|_~11             ; |choose|lpm_mux:Mux2|mux_umc:auto_generated|_~11             ; out0             ;
; |choose|lpm_mux:Mux2|mux_umc:auto_generated|_~14             ; |choose|lpm_mux:Mux2|mux_umc:auto_generated|_~14             ; out0             ;
; |choose|lpm_mux:Mux2|mux_umc:auto_generated|_~15             ; |choose|lpm_mux:Mux2|mux_umc:auto_generated|_~15             ; out0             ;
; |choose|lpm_mux:Mux2|mux_umc:auto_generated|_~16             ; |choose|lpm_mux:Mux2|mux_umc:auto_generated|_~16             ; out0             ;
; |choose|lpm_mux:Mux2|mux_umc:auto_generated|_~17             ; |choose|lpm_mux:Mux2|mux_umc:auto_generated|_~17             ; out0             ;
; |choose|lpm_mux:Mux2|mux_umc:auto_generated|result_node[0]~1 ; |choose|lpm_mux:Mux2|mux_umc:auto_generated|result_node[0]~1 ; out0             ;
; |choose|lpm_mux:Mux2|mux_umc:auto_generated|result_node[0]   ; |choose|lpm_mux:Mux2|mux_umc:auto_generated|result_node[0]   ; out0             ;
; |choose|lpm_mux:Mux1|mux_umc:auto_generated|_~0              ; |choose|lpm_mux:Mux1|mux_umc:auto_generated|_~0              ; out0             ;
; |choose|lpm_mux:Mux1|mux_umc:auto_generated|_~1              ; |choose|lpm_mux:Mux1|mux_umc:auto_generated|_~1              ; out0             ;
; |choose|lpm_mux:Mux1|mux_umc:auto_generated|_~3              ; |choose|lpm_mux:Mux1|mux_umc:auto_generated|_~3              ; out0             ;
; |choose|lpm_mux:Mux1|mux_umc:auto_generated|_~5              ; |choose|lpm_mux:Mux1|mux_umc:auto_generated|_~5              ; out0             ;
; |choose|lpm_mux:Mux1|mux_umc:auto_generated|_~6              ; |choose|lpm_mux:Mux1|mux_umc:auto_generated|_~6              ; out0             ;
; |choose|lpm_mux:Mux1|mux_umc:auto_generated|_~7              ; |choose|lpm_mux:Mux1|mux_umc:auto_generated|_~7              ; out0             ;
; |choose|lpm_mux:Mux1|mux_umc:auto_generated|_~8              ; |choose|lpm_mux:Mux1|mux_umc:auto_generated|_~8              ; out0             ;
; |choose|lpm_mux:Mux1|mux_umc:auto_generated|result_node[0]~0 ; |choose|lpm_mux:Mux1|mux_umc:auto_generated|result_node[0]~0 ; out0             ;
; |choose|lpm_mux:Mux1|mux_umc:auto_generated|_~9              ; |choose|lpm_mux:Mux1|mux_umc:auto_generated|_~9              ; out0             ;
; |choose|lpm_mux:Mux1|mux_umc:auto_generated|_~11             ; |choose|lpm_mux:Mux1|mux_umc:auto_generated|_~11             ; out0             ;
; |choose|lpm_mux:Mux1|mux_umc:auto_generated|_~13             ; |choose|lpm_mux:Mux1|mux_umc:auto_generated|_~13             ; out0             ;
; |choose|lpm_mux:Mux1|mux_umc:auto_generated|_~14             ; |choose|lpm_mux:Mux1|mux_umc:auto_generated|_~14             ; out0             ;
; |choose|lpm_mux:Mux1|mux_umc:auto_generated|_~15             ; |choose|lpm_mux:Mux1|mux_umc:auto_generated|_~15             ; out0             ;
; |choose|lpm_mux:Mux1|mux_umc:auto_generated|_~16             ; |choose|lpm_mux:Mux1|mux_umc:auto_generated|_~16             ; out0             ;
; |choose|lpm_mux:Mux1|mux_umc:auto_generated|_~17             ; |choose|lpm_mux:Mux1|mux_umc:auto_generated|_~17             ; out0             ;
; |choose|lpm_mux:Mux1|mux_umc:auto_generated|result_node[0]   ; |choose|lpm_mux:Mux1|mux_umc:auto_generated|result_node[0]   ; out0             ;
; |choose|lpm_mux:Mux0|mux_umc:auto_generated|_~1              ; |choose|lpm_mux:Mux0|mux_umc:auto_generated|_~1              ; out0             ;
; |choose|lpm_mux:Mux0|mux_umc:auto_generated|_~2              ; |choose|lpm_mux:Mux0|mux_umc:auto_generated|_~2              ; out0             ;
; |choose|lpm_mux:Mux0|mux_umc:auto_generated|_~3              ; |choose|lpm_mux:Mux0|mux_umc:auto_generated|_~3              ; out0             ;
; |choose|lpm_mux:Mux0|mux_umc:auto_generated|_~4              ; |choose|lpm_mux:Mux0|mux_umc:auto_generated|_~4              ; out0             ;
; |choose|lpm_mux:Mux0|mux_umc:auto_generated|_~5              ; |choose|lpm_mux:Mux0|mux_umc:auto_generated|_~5              ; out0             ;
; |choose|lpm_mux:Mux0|mux_umc:auto_generated|_~6              ; |choose|lpm_mux:Mux0|mux_umc:auto_generated|_~6              ; out0             ;
; |choose|lpm_mux:Mux0|mux_umc:auto_generated|_~7              ; |choose|lpm_mux:Mux0|mux_umc:auto_generated|_~7              ; out0             ;
; |choose|lpm_mux:Mux0|mux_umc:auto_generated|_~8              ; |choose|lpm_mux:Mux0|mux_umc:auto_generated|_~8              ; out0             ;
; |choose|lpm_mux:Mux0|mux_umc:auto_generated|_~9              ; |choose|lpm_mux:Mux0|mux_umc:auto_generated|_~9              ; out0             ;
; |choose|lpm_mux:Mux0|mux_umc:auto_generated|_~10             ; |choose|lpm_mux:Mux0|mux_umc:auto_generated|_~10             ; out0             ;
; |choose|lpm_mux:Mux0|mux_umc:auto_generated|_~11             ; |choose|lpm_mux:Mux0|mux_umc:auto_generated|_~11             ; out0             ;
; |choose|lpm_mux:Mux0|mux_umc:auto_generated|_~12             ; |choose|lpm_mux:Mux0|mux_umc:auto_generated|_~12             ; out0             ;
; |choose|lpm_mux:Mux0|mux_umc:auto_generated|_~13             ; |choose|lpm_mux:Mux0|mux_umc:auto_generated|_~13             ; out0             ;
; |choose|lpm_mux:Mux0|mux_umc:auto_generated|_~14             ; |choose|lpm_mux:Mux0|mux_umc:auto_generated|_~14             ; out0             ;
; |choose|lpm_mux:Mux0|mux_umc:auto_generated|_~15             ; |choose|lpm_mux:Mux0|mux_umc:auto_generated|_~15             ; out0             ;
; |choose|lpm_mux:Mux0|mux_umc:auto_generated|_~16             ; |choose|lpm_mux:Mux0|mux_umc:auto_generated|_~16             ; out0             ;
; |choose|lpm_mux:Mux0|mux_umc:auto_generated|_~17             ; |choose|lpm_mux:Mux0|mux_umc:auto_generated|_~17             ; out0             ;
; |choose|lpm_mux:Mux0|mux_umc:auto_generated|result_node[0]~1 ; |choose|lpm_mux:Mux0|mux_umc:auto_generated|result_node[0]~1 ; out0             ;
; |choose|lpm_mux:Mux0|mux_umc:auto_generated|result_node[0]   ; |choose|lpm_mux:Mux0|mux_umc:auto_generated|result_node[0]   ; out0             ;
+--------------------------------------------------------------+--------------------------------------------------------------+------------------+


The following table displays output ports that do not toggle to 1 during simulation.
+--------------------------------------------------------------------------------------------------------------------------------------------------+
; Missing 1-Value Coverage                                                                                                                         ;
+---------------------------------------------------------------+---------------------------------------------------------------+------------------+
; Node Name                                                     ; Output Port Name                                              ; Output Port Type ;
+---------------------------------------------------------------+---------------------------------------------------------------+------------------+
; |choose|output_final[0]~reg0                                  ; |choose|output_final[0]~reg0                                  ; regout           ;
; |choose|output_final[1]~reg0                                  ; |choose|output_final[1]~reg0                                  ; regout           ;
; |choose|output_final[2]~reg0                                  ; |choose|output_final[2]~reg0                                  ; regout           ;
; |choose|output_final[3]~reg0                                  ; |choose|output_final[3]~reg0                                  ; regout           ;
; |choose|output_final[4]~reg0                                  ; |choose|output_final[4]~reg0                                  ; regout           ;
; |choose|output_final[5]~reg0                                  ; |choose|output_final[5]~reg0                                  ; regout           ;
; |choose|output_final[6]~reg0                                  ; |choose|output_final[6]~reg0                                  ; regout           ;
; |choose|output_final[7]~reg0                                  ; |choose|output_final[7]~reg0                                  ; regout           ;
; |choose|output_final[8]~reg0                                  ; |choose|output_final[8]~reg0                                  ; regout           ;
; |choose|output_final[9]~reg0                                  ; |choose|output_final[9]~reg0                                  ; regout           ;
; |choose|input_0[0]                                            ; |choose|input_0[0]                                            ; out              ;
; |choose|input_0[1]                                            ; |choose|input_0[1]                                            ; out              ;
; |choose|input_0[2]                                            ; |choose|input_0[2]                                            ; out              ;
; |choose|input_0[3]                                            ; |choose|input_0[3]                                            ; out              ;
; |choose|input_0[4]                                            ; |choose|input_0[4]                                            ; out              ;
; |choose|input_0[5]                                            ; |choose|input_0[5]                                            ; out              ;
; |choose|input_0[6]                                            ; |choose|input_0[6]                                            ; out              ;
; |choose|input_0[7]                                            ; |choose|input_0[7]                                            ; out              ;
; |choose|input_0[8]                                            ; |choose|input_0[8]                                            ; out              ;
; |choose|input_0[9]                                            ; |choose|input_0[9]                                            ; out              ;
; |choose|input_0[10]                                           ; |choose|input_0[10]                                           ; out              ;
; |choose|input_0[11]                                           ; |choose|input_0[11]                                           ; out              ;
; |choose|input_0[12]                                           ; |choose|input_0[12]                                           ; out              ;
; |choose|input_0[13]                                           ; |choose|input_0[13]                                           ; out              ;
; |choose|input_1[0]                                            ; |choose|input_1[0]                                            ; out              ;
; |choose|input_1[1]                                            ; |choose|input_1[1]                                            ; out              ;
; |choose|input_1[2]                                            ; |choose|input_1[2]                                            ; out              ;
; |choose|input_1[3]                                            ; |choose|input_1[3]                                            ; out              ;
; |choose|input_1[4]                                            ; |choose|input_1[4]                                            ; out              ;
; |choose|input_1[5]                                            ; |choose|input_1[5]                                            ; out              ;
; |choose|input_1[6]                                            ; |choose|input_1[6]                                            ; out              ;
; |choose|input_1[7]                                            ; |choose|input_1[7]                                            ; out              ;
; |choose|input_1[8]                                            ; |choose|input_1[8]                                            ; out              ;
; |choose|input_1[9]                                            ; |choose|input_1[9]                                            ; out              ;
; |choose|input_1[10]                                           ; |choose|input_1[10]                                           ; out              ;
; |choose|input_1[11]                                           ; |choose|input_1[11]                                           ; out              ;
; |choose|input_1[12]                                           ; |choose|input_1[12]                                           ; out              ;
; |choose|input_1[13]                                           ; |choose|input_1[13]                                           ; out              ;
; |choose|input_2[0]                                            ; |choose|input_2[0]                                            ; out              ;
; |choose|input_2[1]                                            ; |choose|input_2[1]                                            ; out              ;
; |choose|input_2[2]                                            ; |choose|input_2[2]                                            ; out              ;
; |choose|input_2[3]                                            ; |choose|input_2[3]                                            ; out              ;
; |choose|input_2[4]                                            ; |choose|input_2[4]                                            ; out              ;
; |choose|input_2[5]                                            ; |choose|input_2[5]                                            ; out              ;
; |choose|input_2[6]                                            ; |choose|input_2[6]                                            ; out              ;
; |choose|input_2[7]                                            ; |choose|input_2[7]                                            ; out              ;
; |choose|input_2[8]                                            ; |choose|input_2[8]                                            ; out              ;
; |choose|input_2[9]                                            ; |choose|input_2[9]                                            ; out              ;
; |choose|input_2[10]                                           ; |choose|input_2[10]                                           ; out              ;
; |choose|input_2[11]                                           ; |choose|input_2[11]                                           ; out              ;
; |choose|input_2[12]                                           ; |choose|input_2[12]                                           ; out              ;
; |choose|input_2[13]                                           ; |choose|input_2[13]                                           ; out              ;
; |choose|input_3[0]                                            ; |choose|input_3[0]                                            ; out              ;
; |choose|input_3[1]                                            ; |choose|input_3[1]                                            ; out              ;
; |choose|input_3[2]                                            ; |choose|input_3[2]                                            ; out              ;
; |choose|input_3[3]                                            ; |choose|input_3[3]                                            ; out              ;
; |choose|input_3[4]                                            ; |choose|input_3[4]                                            ; out              ;
; |choose|input_3[5]                                            ; |choose|input_3[5]                                            ; out              ;
; |choose|input_3[6]                                            ; |choose|input_3[6]                                            ; out              ;
; |choose|input_3[7]                                            ; |choose|input_3[7]                                            ; out              ;
; |choose|input_3[8]                                            ; |choose|input_3[8]                                            ; out              ;
; |choose|input_3[9]                                            ; |choose|input_3[9]                                            ; out              ;
; |choose|input_3[10]                                           ; |choose|input_3[10]                                           ; out              ;
; |choose|input_3[11]                                           ; |choose|input_3[11]                                           ; out              ;
; |choose|input_3[12]                                           ; |choose|input_3[12]                                           ; out              ;
; |choose|input_3[13]                                           ; |choose|input_3[13]                                           ; out              ;
; |choose|output_final[0]                                       ; |choose|output_final[0]                                       ; pin_out          ;
; |choose|output_final[1]                                       ; |choose|output_final[1]                                       ; pin_out          ;
; |choose|output_final[2]                                       ; |choose|output_final[2]                                       ; pin_out          ;
; |choose|output_final[3]                                       ; |choose|output_final[3]                                       ; pin_out          ;
; |choose|output_final[4]                                       ; |choose|output_final[4]                                       ; pin_out          ;
; |choose|output_final[5]                                       ; |choose|output_final[5]                                       ; pin_out          ;
; |choose|output_final[6]                                       ; |choose|output_final[6]                                       ; pin_out          ;
; |choose|output_final[7]                                       ; |choose|output_final[7]                                       ; pin_out          ;
; |choose|output_final[8]                                       ; |choose|output_final[8]                                       ; pin_out          ;
; |choose|output_final[9]                                       ; |choose|output_final[9]                                       ; pin_out          ;
; |choose|lpm_mux:Mux13|mux_umc:auto_generated|_~0              ; |choose|lpm_mux:Mux13|mux_umc:auto_generated|_~0              ; out0             ;
; |choose|lpm_mux:Mux13|mux_umc:auto_generated|_~2              ; |choose|lpm_mux:Mux13|mux_umc:auto_generated|_~2              ; out0             ;
; |choose|lpm_mux:Mux13|mux_umc:auto_generated|_~4              ; |choose|lpm_mux:Mux13|mux_umc:auto_generated|_~4              ; out0             ;
; |choose|lpm_mux:Mux13|mux_umc:auto_generated|result_node[0]~0 ; |choose|lpm_mux:Mux13|mux_umc:auto_generated|result_node[0]~0 ; out0             ;
; |choose|lpm_mux:Mux13|mux_umc:auto_generated|_~10             ; |choose|lpm_mux:Mux13|mux_umc:auto_generated|_~10             ; out0             ;
; |choose|lpm_mux:Mux13|mux_umc:auto_generated|_~12             ; |choose|lpm_mux:Mux13|mux_umc:auto_generated|_~12             ; out0             ;
; |choose|lpm_mux:Mux13|mux_umc:auto_generated|result_node[0]~1 ; |choose|lpm_mux:Mux13|mux_umc:auto_generated|result_node[0]~1 ; out0             ;
; |choose|lpm_mux:Mux13|mux_umc:auto_generated|result_node[0]   ; |choose|lpm_mux:Mux13|mux_umc:auto_generated|result_node[0]   ; out0             ;
; |choose|lpm_mux:Mux12|mux_umc:auto_generated|_~0              ; |choose|lpm_mux:Mux12|mux_umc:auto_generated|_~0              ; out0             ;
; |choose|lpm_mux:Mux12|mux_umc:auto_generated|_~2              ; |choose|lpm_mux:Mux12|mux_umc:auto_generated|_~2              ; out0             ;
; |choose|lpm_mux:Mux12|mux_umc:auto_generated|_~4              ; |choose|lpm_mux:Mux12|mux_umc:auto_generated|_~4              ; out0             ;
; |choose|lpm_mux:Mux12|mux_umc:auto_generated|result_node[0]~0 ; |choose|lpm_mux:Mux12|mux_umc:auto_generated|result_node[0]~0 ; out0             ;
; |choose|lpm_mux:Mux12|mux_umc:auto_generated|_~10             ; |choose|lpm_mux:Mux12|mux_umc:auto_generated|_~10             ; out0             ;
; |choose|lpm_mux:Mux12|mux_umc:auto_generated|_~12             ; |choose|lpm_mux:Mux12|mux_umc:auto_generated|_~12             ; out0             ;
; |choose|lpm_mux:Mux12|mux_umc:auto_generated|result_node[0]~1 ; |choose|lpm_mux:Mux12|mux_umc:auto_generated|result_node[0]~1 ; out0             ;
; |choose|lpm_mux:Mux12|mux_umc:auto_generated|result_node[0]   ; |choose|lpm_mux:Mux12|mux_umc:auto_generated|result_node[0]   ; out0             ;
; |choose|lpm_mux:Mux11|mux_umc:auto_generated|_~0              ; |choose|lpm_mux:Mux11|mux_umc:auto_generated|_~0              ; out0             ;
; |choose|lpm_mux:Mux11|mux_umc:auto_generated|_~2              ; |choose|lpm_mux:Mux11|mux_umc:auto_generated|_~2              ; out0             ;
; |choose|lpm_mux:Mux11|mux_umc:auto_generated|_~4              ; |choose|lpm_mux:Mux11|mux_umc:auto_generated|_~4              ; out0             ;
; |choose|lpm_mux:Mux11|mux_umc:auto_generated|result_node[0]~0 ; |choose|lpm_mux:Mux11|mux_umc:auto_generated|result_node[0]~0 ; out0             ;
; |choose|lpm_mux:Mux11|mux_umc:auto_generated|_~10             ; |choose|lpm_mux:Mux11|mux_umc:auto_generated|_~10             ; out0             ;
; |choose|lpm_mux:Mux11|mux_umc:auto_generated|_~12             ; |choose|lpm_mux:Mux11|mux_umc:auto_generated|_~12             ; out0             ;
; |choose|lpm_mux:Mux11|mux_umc:auto_generated|result_node[0]~1 ; |choose|lpm_mux:Mux11|mux_umc:auto_generated|result_node[0]~1 ; out0             ;
; |choose|lpm_mux:Mux11|mux_umc:auto_generated|result_node[0]   ; |choose|lpm_mux:Mux11|mux_umc:auto_generated|result_node[0]   ; out0             ;
; |choose|lpm_mux:Mux10|mux_umc:auto_generated|_~0              ; |choose|lpm_mux:Mux10|mux_umc:auto_generated|_~0              ; out0             ;
; |choose|lpm_mux:Mux10|mux_umc:auto_generated|_~2              ; |choose|lpm_mux:Mux10|mux_umc:auto_generated|_~2              ; out0             ;
; |choose|lpm_mux:Mux10|mux_umc:auto_generated|_~4              ; |choose|lpm_mux:Mux10|mux_umc:auto_generated|_~4              ; out0             ;
; |choose|lpm_mux:Mux10|mux_umc:auto_generated|result_node[0]~0 ; |choose|lpm_mux:Mux10|mux_umc:auto_generated|result_node[0]~0 ; out0             ;
; |choose|lpm_mux:Mux10|mux_umc:auto_generated|_~10             ; |choose|lpm_mux:Mux10|mux_umc:auto_generated|_~10             ; out0             ;
; |choose|lpm_mux:Mux10|mux_umc:auto_generated|_~12             ; |choose|lpm_mux:Mux10|mux_umc:auto_generated|_~12             ; out0             ;
; |choose|lpm_mux:Mux10|mux_umc:auto_generated|result_node[0]~1 ; |choose|lpm_mux:Mux10|mux_umc:auto_generated|result_node[0]~1 ; out0             ;
; |choose|lpm_mux:Mux10|mux_umc:auto_generated|result_node[0]   ; |choose|lpm_mux:Mux10|mux_umc:auto_generated|result_node[0]   ; out0             ;
; |choose|lpm_mux:Mux9|mux_umc:auto_generated|_~0               ; |choose|lpm_mux:Mux9|mux_umc:auto_generated|_~0               ; out0             ;
; |choose|lpm_mux:Mux9|mux_umc:auto_generated|_~2               ; |choose|lpm_mux:Mux9|mux_umc:auto_generated|_~2               ; out0             ;
; |choose|lpm_mux:Mux9|mux_umc:auto_generated|_~4               ; |choose|lpm_mux:Mux9|mux_umc:auto_generated|_~4               ; out0             ;
; |choose|lpm_mux:Mux9|mux_umc:auto_generated|result_node[0]~0  ; |choose|lpm_mux:Mux9|mux_umc:auto_generated|result_node[0]~0  ; out0             ;
; |choose|lpm_mux:Mux9|mux_umc:auto_generated|_~10              ; |choose|lpm_mux:Mux9|mux_umc:auto_generated|_~10              ; out0             ;
; |choose|lpm_mux:Mux9|mux_umc:auto_generated|_~12              ; |choose|lpm_mux:Mux9|mux_umc:auto_generated|_~12              ; out0             ;
; |choose|lpm_mux:Mux9|mux_umc:auto_generated|result_node[0]~1  ; |choose|lpm_mux:Mux9|mux_umc:auto_generated|result_node[0]~1  ; out0             ;
; |choose|lpm_mux:Mux9|mux_umc:auto_generated|result_node[0]    ; |choose|lpm_mux:Mux9|mux_umc:auto_generated|result_node[0]    ; out0             ;
; |choose|lpm_mux:Mux8|mux_umc:auto_generated|_~0               ; |choose|lpm_mux:Mux8|mux_umc:auto_generated|_~0               ; out0             ;
; |choose|lpm_mux:Mux8|mux_umc:auto_generated|_~2               ; |choose|lpm_mux:Mux8|mux_umc:auto_generated|_~2               ; out0             ;
; |choose|lpm_mux:Mux8|mux_umc:auto_generated|_~4               ; |choose|lpm_mux:Mux8|mux_umc:auto_generated|_~4               ; out0             ;
; |choose|lpm_mux:Mux8|mux_umc:auto_generated|result_node[0]~0  ; |choose|lpm_mux:Mux8|mux_umc:auto_generated|result_node[0]~0  ; out0             ;
; |choose|lpm_mux:Mux8|mux_umc:auto_generated|_~10              ; |choose|lpm_mux:Mux8|mux_umc:auto_generated|_~10              ; out0             ;
; |choose|lpm_mux:Mux8|mux_umc:auto_generated|_~12              ; |choose|lpm_mux:Mux8|mux_umc:auto_generated|_~12              ; out0             ;
; |choose|lpm_mux:Mux8|mux_umc:auto_generated|result_node[0]~1  ; |choose|lpm_mux:Mux8|mux_umc:auto_generated|result_node[0]~1  ; out0             ;
; |choose|lpm_mux:Mux8|mux_umc:auto_generated|result_node[0]    ; |choose|lpm_mux:Mux8|mux_umc:auto_generated|result_node[0]    ; out0             ;
; |choose|lpm_mux:Mux7|mux_umc:auto_generated|_~0               ; |choose|lpm_mux:Mux7|mux_umc:auto_generated|_~0               ; out0             ;
; |choose|lpm_mux:Mux7|mux_umc:auto_generated|_~2               ; |choose|lpm_mux:Mux7|mux_umc:auto_generated|_~2               ; out0             ;
; |choose|lpm_mux:Mux7|mux_umc:auto_generated|_~4               ; |choose|lpm_mux:Mux7|mux_umc:auto_generated|_~4               ; out0             ;
; |choose|lpm_mux:Mux7|mux_umc:auto_generated|result_node[0]~0  ; |choose|lpm_mux:Mux7|mux_umc:auto_generated|result_node[0]~0  ; out0             ;
; |choose|lpm_mux:Mux7|mux_umc:auto_generated|_~10              ; |choose|lpm_mux:Mux7|mux_umc:auto_generated|_~10              ; out0             ;
; |choose|lpm_mux:Mux7|mux_umc:auto_generated|_~12              ; |choose|lpm_mux:Mux7|mux_umc:auto_generated|_~12              ; out0             ;
; |choose|lpm_mux:Mux7|mux_umc:auto_generated|result_node[0]~1  ; |choose|lpm_mux:Mux7|mux_umc:auto_generated|result_node[0]~1  ; out0             ;
; |choose|lpm_mux:Mux7|mux_umc:auto_generated|result_node[0]    ; |choose|lpm_mux:Mux7|mux_umc:auto_generated|result_node[0]    ; out0             ;
; |choose|lpm_mux:Mux6|mux_umc:auto_generated|_~0               ; |choose|lpm_mux:Mux6|mux_umc:auto_generated|_~0               ; out0             ;
; |choose|lpm_mux:Mux6|mux_umc:auto_generated|_~2               ; |choose|lpm_mux:Mux6|mux_umc:auto_generated|_~2               ; out0             ;
; |choose|lpm_mux:Mux6|mux_umc:auto_generated|_~4               ; |choose|lpm_mux:Mux6|mux_umc:auto_generated|_~4               ; out0             ;
; |choose|lpm_mux:Mux6|mux_umc:auto_generated|result_node[0]~0  ; |choose|lpm_mux:Mux6|mux_umc:auto_generated|result_node[0]~0  ; out0             ;
; |choose|lpm_mux:Mux6|mux_umc:auto_generated|_~10              ; |choose|lpm_mux:Mux6|mux_umc:auto_generated|_~10              ; out0             ;
; |choose|lpm_mux:Mux6|mux_umc:auto_generated|_~12              ; |choose|lpm_mux:Mux6|mux_umc:auto_generated|_~12              ; out0             ;
; |choose|lpm_mux:Mux6|mux_umc:auto_generated|result_node[0]~1  ; |choose|lpm_mux:Mux6|mux_umc:auto_generated|result_node[0]~1  ; out0             ;
; |choose|lpm_mux:Mux6|mux_umc:auto_generated|result_node[0]    ; |choose|lpm_mux:Mux6|mux_umc:auto_generated|result_node[0]    ; out0             ;
; |choose|lpm_mux:Mux5|mux_umc:auto_generated|_~0               ; |choose|lpm_mux:Mux5|mux_umc:auto_generated|_~0               ; out0             ;
; |choose|lpm_mux:Mux5|mux_umc:auto_generated|_~2               ; |choose|lpm_mux:Mux5|mux_umc:auto_generated|_~2               ; out0             ;
; |choose|lpm_mux:Mux5|mux_umc:auto_generated|_~4               ; |choose|lpm_mux:Mux5|mux_umc:auto_generated|_~4               ; out0             ;
; |choose|lpm_mux:Mux5|mux_umc:auto_generated|result_node[0]~0  ; |choose|lpm_mux:Mux5|mux_umc:auto_generated|result_node[0]~0  ; out0             ;
; |choose|lpm_mux:Mux5|mux_umc:auto_generated|_~10              ; |choose|lpm_mux:Mux5|mux_umc:auto_generated|_~10              ; out0             ;
; |choose|lpm_mux:Mux5|mux_umc:auto_generated|_~12              ; |choose|lpm_mux:Mux5|mux_umc:auto_generated|_~12              ; out0             ;
; |choose|lpm_mux:Mux5|mux_umc:auto_generated|result_node[0]~1  ; |choose|lpm_mux:Mux5|mux_umc:auto_generated|result_node[0]~1  ; out0             ;
; |choose|lpm_mux:Mux5|mux_umc:auto_generated|result_node[0]    ; |choose|lpm_mux:Mux5|mux_umc:auto_generated|result_node[0]    ; out0             ;
; |choose|lpm_mux:Mux4|mux_umc:auto_generated|_~0               ; |choose|lpm_mux:Mux4|mux_umc:auto_generated|_~0               ; out0             ;
; |choose|lpm_mux:Mux4|mux_umc:auto_generated|_~2               ; |choose|lpm_mux:Mux4|mux_umc:auto_generated|_~2               ; out0             ;
; |choose|lpm_mux:Mux4|mux_umc:auto_generated|_~4               ; |choose|lpm_mux:Mux4|mux_umc:auto_generated|_~4               ; out0             ;
; |choose|lpm_mux:Mux4|mux_umc:auto_generated|result_node[0]~0  ; |choose|lpm_mux:Mux4|mux_umc:auto_generated|result_node[0]~0  ; out0             ;
; |choose|lpm_mux:Mux4|mux_umc:auto_generated|_~10              ; |choose|lpm_mux:Mux4|mux_umc:auto_generated|_~10              ; out0             ;
; |choose|lpm_mux:Mux4|mux_umc:auto_generated|_~12              ; |choose|lpm_mux:Mux4|mux_umc:auto_generated|_~12              ; out0             ;
; |choose|lpm_mux:Mux4|mux_umc:auto_generated|result_node[0]~1  ; |choose|lpm_mux:Mux4|mux_umc:auto_generated|result_node[0]~1  ; out0             ;
; |choose|lpm_mux:Mux4|mux_umc:auto_generated|result_node[0]    ; |choose|lpm_mux:Mux4|mux_umc:auto_generated|result_node[0]    ; out0             ;
; |choose|lpm_mux:Mux3|mux_umc:auto_generated|_~0               ; |choose|lpm_mux:Mux3|mux_umc:auto_generated|_~0               ; out0             ;
; |choose|lpm_mux:Mux3|mux_umc:auto_generated|_~2               ; |choose|lpm_mux:Mux3|mux_umc:auto_generated|_~2               ; out0             ;
; |choose|lpm_mux:Mux3|mux_umc:auto_generated|_~4               ; |choose|lpm_mux:Mux3|mux_umc:auto_generated|_~4               ; out0             ;
; |choose|lpm_mux:Mux3|mux_umc:auto_generated|result_node[0]~0  ; |choose|lpm_mux:Mux3|mux_umc:auto_generated|result_node[0]~0  ; out0             ;
; |choose|lpm_mux:Mux3|mux_umc:auto_generated|_~10              ; |choose|lpm_mux:Mux3|mux_umc:auto_generated|_~10              ; out0             ;
; |choose|lpm_mux:Mux3|mux_umc:auto_generated|_~12              ; |choose|lpm_mux:Mux3|mux_umc:auto_generated|_~12              ; out0             ;
; |choose|lpm_mux:Mux3|mux_umc:auto_generated|_~17              ; |choose|lpm_mux:Mux3|mux_umc:auto_generated|_~17              ; out0             ;
; |choose|lpm_mux:Mux2|mux_umc:auto_generated|_~0               ; |choose|lpm_mux:Mux2|mux_umc:auto_generated|_~0               ; out0             ;
; |choose|lpm_mux:Mux2|mux_umc:auto_generated|_~2               ; |choose|lpm_mux:Mux2|mux_umc:auto_generated|_~2               ; out0             ;
; |choose|lpm_mux:Mux2|mux_umc:auto_generated|_~4               ; |choose|lpm_mux:Mux2|mux_umc:auto_generated|_~4               ; out0             ;
; |choose|lpm_mux:Mux2|mux_umc:auto_generated|_~5               ; |choose|lpm_mux:Mux2|mux_umc:auto_generated|_~5               ; out0             ;
; |choose|lpm_mux:Mux2|mux_umc:auto_generated|result_node[0]~0  ; |choose|lpm_mux:Mux2|mux_umc:auto_generated|result_node[0]~0  ; out0             ;
; |choose|lpm_mux:Mux2|mux_umc:auto_generated|_~10              ; |choose|lpm_mux:Mux2|mux_umc:auto_generated|_~10              ; out0             ;
; |choose|lpm_mux:Mux2|mux_umc:auto_generated|_~12              ; |choose|lpm_mux:Mux2|mux_umc:auto_generated|_~12              ; out0             ;
; |choose|lpm_mux:Mux2|mux_umc:auto_generated|_~13              ; |choose|lpm_mux:Mux2|mux_umc:auto_generated|_~13              ; out0             ;
; |choose|lpm_mux:Mux1|mux_umc:auto_generated|_~2               ; |choose|lpm_mux:Mux1|mux_umc:auto_generated|_~2               ; out0             ;
; |choose|lpm_mux:Mux1|mux_umc:auto_generated|_~4               ; |choose|lpm_mux:Mux1|mux_umc:auto_generated|_~4               ; out0             ;
; |choose|lpm_mux:Mux1|mux_umc:auto_generated|_~10              ; |choose|lpm_mux:Mux1|mux_umc:auto_generated|_~10              ; out0             ;
; |choose|lpm_mux:Mux1|mux_umc:auto_generated|_~12              ; |choose|lpm_mux:Mux1|mux_umc:auto_generated|_~12              ; out0             ;
; |choose|lpm_mux:Mux1|mux_umc:auto_generated|result_node[0]~1  ; |choose|lpm_mux:Mux1|mux_umc:auto_generated|result_node[0]~1  ; out0             ;
; |choose|lpm_mux:Mux0|mux_umc:auto_generated|_~0               ; |choose|lpm_mux:Mux0|mux_umc:auto_generated|_~0               ; out0             ;
; |choose|lpm_mux:Mux0|mux_umc:auto_generated|result_node[0]~0  ; |choose|lpm_mux:Mux0|mux_umc:auto_generated|result_node[0]~0  ; out0             ;
+---------------------------------------------------------------+---------------------------------------------------------------+------------------+


The following table displays output ports that do not toggle to 0 during simulation.
+--------------------------------------------------------------------------------------------------------------------------------------------------+
; Missing 0-Value Coverage                                                                                                                         ;
+---------------------------------------------------------------+---------------------------------------------------------------+------------------+
; Node Name                                                     ; Output Port Name                                              ; Output Port Type ;
+---------------------------------------------------------------+---------------------------------------------------------------+------------------+
; |choose|output_final[0]~reg0                                  ; |choose|output_final[0]~reg0                                  ; regout           ;
; |choose|output_final[1]~reg0                                  ; |choose|output_final[1]~reg0                                  ; regout           ;
; |choose|output_final[2]~reg0                                  ; |choose|output_final[2]~reg0                                  ; regout           ;
; |choose|output_final[3]~reg0                                  ; |choose|output_final[3]~reg0                                  ; regout           ;
; |choose|output_final[4]~reg0                                  ; |choose|output_final[4]~reg0                                  ; regout           ;
; |choose|output_final[5]~reg0                                  ; |choose|output_final[5]~reg0                                  ; regout           ;
; |choose|output_final[6]~reg0                                  ; |choose|output_final[6]~reg0                                  ; regout           ;
; |choose|output_final[7]~reg0                                  ; |choose|output_final[7]~reg0                                  ; regout           ;
; |choose|output_final[8]~reg0                                  ; |choose|output_final[8]~reg0                                  ; regout           ;
; |choose|output_final[9]~reg0                                  ; |choose|output_final[9]~reg0                                  ; regout           ;
; |choose|input_0[0]                                            ; |choose|input_0[0]                                            ; out              ;
; |choose|input_0[1]                                            ; |choose|input_0[1]                                            ; out              ;
; |choose|input_0[2]                                            ; |choose|input_0[2]                                            ; out              ;
; |choose|input_0[3]                                            ; |choose|input_0[3]                                            ; out              ;
; |choose|input_0[4]                                            ; |choose|input_0[4]                                            ; out              ;
; |choose|input_0[5]                                            ; |choose|input_0[5]                                            ; out              ;
; |choose|input_0[6]                                            ; |choose|input_0[6]                                            ; out              ;
; |choose|input_0[7]                                            ; |choose|input_0[7]                                            ; out              ;
; |choose|input_0[8]                                            ; |choose|input_0[8]                                            ; out              ;
; |choose|input_0[9]                                            ; |choose|input_0[9]                                            ; out              ;
; |choose|input_0[10]                                           ; |choose|input_0[10]                                           ; out              ;
; |choose|input_0[11]                                           ; |choose|input_0[11]                                           ; out              ;
; |choose|input_0[12]                                           ; |choose|input_0[12]                                           ; out              ;
; |choose|input_0[13]                                           ; |choose|input_0[13]                                           ; out              ;
; |choose|input_1[0]                                            ; |choose|input_1[0]                                            ; out              ;
; |choose|input_1[1]                                            ; |choose|input_1[1]                                            ; out              ;
; |choose|input_1[2]                                            ; |choose|input_1[2]                                            ; out              ;
; |choose|input_1[3]                                            ; |choose|input_1[3]                                            ; out              ;
; |choose|input_1[4]                                            ; |choose|input_1[4]                                            ; out              ;
; |choose|input_1[5]                                            ; |choose|input_1[5]                                            ; out              ;
; |choose|input_1[6]                                            ; |choose|input_1[6]                                            ; out              ;
; |choose|input_1[7]                                            ; |choose|input_1[7]                                            ; out              ;
; |choose|input_1[8]                                            ; |choose|input_1[8]                                            ; out              ;
; |choose|input_1[9]                                            ; |choose|input_1[9]                                            ; out              ;
; |choose|input_1[10]                                           ; |choose|input_1[10]                                           ; out              ;
; |choose|input_1[11]                                           ; |choose|input_1[11]                                           ; out              ;
; |choose|input_1[12]                                           ; |choose|input_1[12]                                           ; out              ;
; |choose|input_1[13]                                           ; |choose|input_1[13]                                           ; out              ;
; |choose|input_2[0]                                            ; |choose|input_2[0]                                            ; out              ;
; |choose|input_2[1]                                            ; |choose|input_2[1]                                            ; out              ;
; |choose|input_2[2]                                            ; |choose|input_2[2]                                            ; out              ;
; |choose|input_2[3]                                            ; |choose|input_2[3]                                            ; out              ;
; |choose|input_2[4]                                            ; |choose|input_2[4]                                            ; out              ;
; |choose|input_2[5]                                            ; |choose|input_2[5]                                            ; out              ;
; |choose|input_2[6]                                            ; |choose|input_2[6]                                            ; out              ;
; |choose|input_2[7]                                            ; |choose|input_2[7]                                            ; out              ;
; |choose|input_2[8]                                            ; |choose|input_2[8]                                            ; out              ;
; |choose|input_2[9]                                            ; |choose|input_2[9]                                            ; out              ;
; |choose|input_2[10]                                           ; |choose|input_2[10]                                           ; out              ;
; |choose|input_2[11]                                           ; |choose|input_2[11]                                           ; out              ;
; |choose|input_2[12]                                           ; |choose|input_2[12]                                           ; out              ;
; |choose|input_2[13]                                           ; |choose|input_2[13]                                           ; out              ;
; |choose|input_3[0]                                            ; |choose|input_3[0]                                            ; out              ;
; |choose|input_3[1]                                            ; |choose|input_3[1]                                            ; out              ;
; |choose|input_3[2]                                            ; |choose|input_3[2]                                            ; out              ;
; |choose|input_3[3]                                            ; |choose|input_3[3]                                            ; out              ;
; |choose|input_3[4]                                            ; |choose|input_3[4]                                            ; out              ;
; |choose|input_3[5]                                            ; |choose|input_3[5]                                            ; out              ;
; |choose|input_3[6]                                            ; |choose|input_3[6]                                            ; out              ;
; |choose|input_3[7]                                            ; |choose|input_3[7]                                            ; out              ;
; |choose|input_3[8]                                            ; |choose|input_3[8]                                            ; out              ;
; |choose|input_3[9]                                            ; |choose|input_3[9]                                            ; out              ;
; |choose|input_3[10]                                           ; |choose|input_3[10]                                           ; out              ;
; |choose|input_3[11]                                           ; |choose|input_3[11]                                           ; out              ;
; |choose|input_3[12]                                           ; |choose|input_3[12]                                           ; out              ;
; |choose|input_3[13]                                           ; |choose|input_3[13]                                           ; out              ;
; |choose|output_final[0]                                       ; |choose|output_final[0]                                       ; pin_out          ;
; |choose|output_final[1]                                       ; |choose|output_final[1]                                       ; pin_out          ;
; |choose|output_final[2]                                       ; |choose|output_final[2]                                       ; pin_out          ;
; |choose|output_final[3]                                       ; |choose|output_final[3]                                       ; pin_out          ;
; |choose|output_final[4]                                       ; |choose|output_final[4]                                       ; pin_out          ;
; |choose|output_final[5]                                       ; |choose|output_final[5]                                       ; pin_out          ;
; |choose|output_final[6]                                       ; |choose|output_final[6]                                       ; pin_out          ;
; |choose|output_final[7]                                       ; |choose|output_final[7]                                       ; pin_out          ;
; |choose|output_final[8]                                       ; |choose|output_final[8]                                       ; pin_out          ;
; |choose|output_final[9]                                       ; |choose|output_final[9]                                       ; pin_out          ;
; |choose|lpm_mux:Mux13|mux_umc:auto_generated|_~0              ; |choose|lpm_mux:Mux13|mux_umc:auto_generated|_~0              ; out0             ;
; |choose|lpm_mux:Mux13|mux_umc:auto_generated|_~2              ; |choose|lpm_mux:Mux13|mux_umc:auto_generated|_~2              ; out0             ;
; |choose|lpm_mux:Mux13|mux_umc:auto_generated|_~4              ; |choose|lpm_mux:Mux13|mux_umc:auto_generated|_~4              ; out0             ;
; |choose|lpm_mux:Mux13|mux_umc:auto_generated|result_node[0]~0 ; |choose|lpm_mux:Mux13|mux_umc:auto_generated|result_node[0]~0 ; out0             ;
; |choose|lpm_mux:Mux13|mux_umc:auto_generated|_~10             ; |choose|lpm_mux:Mux13|mux_umc:auto_generated|_~10             ; out0             ;
; |choose|lpm_mux:Mux13|mux_umc:auto_generated|_~12             ; |choose|lpm_mux:Mux13|mux_umc:auto_generated|_~12             ; out0             ;
; |choose|lpm_mux:Mux13|mux_umc:auto_generated|result_node[0]~1 ; |choose|lpm_mux:Mux13|mux_umc:auto_generated|result_node[0]~1 ; out0             ;
; |choose|lpm_mux:Mux13|mux_umc:auto_generated|result_node[0]   ; |choose|lpm_mux:Mux13|mux_umc:auto_generated|result_node[0]   ; out0             ;
; |choose|lpm_mux:Mux12|mux_umc:auto_generated|_~0              ; |choose|lpm_mux:Mux12|mux_umc:auto_generated|_~0              ; out0             ;
; |choose|lpm_mux:Mux12|mux_umc:auto_generated|_~2              ; |choose|lpm_mux:Mux12|mux_umc:auto_generated|_~2              ; out0             ;
; |choose|lpm_mux:Mux12|mux_umc:auto_generated|_~4              ; |choose|lpm_mux:Mux12|mux_umc:auto_generated|_~4              ; out0             ;
; |choose|lpm_mux:Mux12|mux_umc:auto_generated|result_node[0]~0 ; |choose|lpm_mux:Mux12|mux_umc:auto_generated|result_node[0]~0 ; out0             ;
; |choose|lpm_mux:Mux12|mux_umc:auto_generated|_~10             ; |choose|lpm_mux:Mux12|mux_umc:auto_generated|_~10             ; out0             ;
; |choose|lpm_mux:Mux12|mux_umc:auto_generated|_~12             ; |choose|lpm_mux:Mux12|mux_umc:auto_generated|_~12             ; out0             ;
; |choose|lpm_mux:Mux12|mux_umc:auto_generated|result_node[0]~1 ; |choose|lpm_mux:Mux12|mux_umc:auto_generated|result_node[0]~1 ; out0             ;
; |choose|lpm_mux:Mux12|mux_umc:auto_generated|result_node[0]   ; |choose|lpm_mux:Mux12|mux_umc:auto_generated|result_node[0]   ; out0             ;
; |choose|lpm_mux:Mux11|mux_umc:auto_generated|_~0              ; |choose|lpm_mux:Mux11|mux_umc:auto_generated|_~0              ; out0             ;
; |choose|lpm_mux:Mux11|mux_umc:auto_generated|_~2              ; |choose|lpm_mux:Mux11|mux_umc:auto_generated|_~2              ; out0             ;
; |choose|lpm_mux:Mux11|mux_umc:auto_generated|_~4              ; |choose|lpm_mux:Mux11|mux_umc:auto_generated|_~4              ; out0             ;
; |choose|lpm_mux:Mux11|mux_umc:auto_generated|result_node[0]~0 ; |choose|lpm_mux:Mux11|mux_umc:auto_generated|result_node[0]~0 ; out0             ;
; |choose|lpm_mux:Mux11|mux_umc:auto_generated|_~10             ; |choose|lpm_mux:Mux11|mux_umc:auto_generated|_~10             ; out0             ;
; |choose|lpm_mux:Mux11|mux_umc:auto_generated|_~12             ; |choose|lpm_mux:Mux11|mux_umc:auto_generated|_~12             ; out0             ;
; |choose|lpm_mux:Mux11|mux_umc:auto_generated|result_node[0]~1 ; |choose|lpm_mux:Mux11|mux_umc:auto_generated|result_node[0]~1 ; out0             ;
; |choose|lpm_mux:Mux11|mux_umc:auto_generated|result_node[0]   ; |choose|lpm_mux:Mux11|mux_umc:auto_generated|result_node[0]   ; out0             ;
; |choose|lpm_mux:Mux10|mux_umc:auto_generated|_~0              ; |choose|lpm_mux:Mux10|mux_umc:auto_generated|_~0              ; out0             ;
; |choose|lpm_mux:Mux10|mux_umc:auto_generated|_~2              ; |choose|lpm_mux:Mux10|mux_umc:auto_generated|_~2              ; out0             ;
; |choose|lpm_mux:Mux10|mux_umc:auto_generated|_~4              ; |choose|lpm_mux:Mux10|mux_umc:auto_generated|_~4              ; out0             ;
; |choose|lpm_mux:Mux10|mux_umc:auto_generated|result_node[0]~0 ; |choose|lpm_mux:Mux10|mux_umc:auto_generated|result_node[0]~0 ; out0             ;
; |choose|lpm_mux:Mux10|mux_umc:auto_generated|_~10             ; |choose|lpm_mux:Mux10|mux_umc:auto_generated|_~10             ; out0             ;
; |choose|lpm_mux:Mux10|mux_umc:auto_generated|_~12             ; |choose|lpm_mux:Mux10|mux_umc:auto_generated|_~12             ; out0             ;
; |choose|lpm_mux:Mux10|mux_umc:auto_generated|result_node[0]~1 ; |choose|lpm_mux:Mux10|mux_umc:auto_generated|result_node[0]~1 ; out0             ;
; |choose|lpm_mux:Mux10|mux_umc:auto_generated|result_node[0]   ; |choose|lpm_mux:Mux10|mux_umc:auto_generated|result_node[0]   ; out0             ;
; |choose|lpm_mux:Mux9|mux_umc:auto_generated|_~0               ; |choose|lpm_mux:Mux9|mux_umc:auto_generated|_~0               ; out0             ;
; |choose|lpm_mux:Mux9|mux_umc:auto_generated|_~2               ; |choose|lpm_mux:Mux9|mux_umc:auto_generated|_~2               ; out0             ;
; |choose|lpm_mux:Mux9|mux_umc:auto_generated|_~4               ; |choose|lpm_mux:Mux9|mux_umc:auto_generated|_~4               ; out0             ;
; |choose|lpm_mux:Mux9|mux_umc:auto_generated|result_node[0]~0  ; |choose|lpm_mux:Mux9|mux_umc:auto_generated|result_node[0]~0  ; out0             ;
; |choose|lpm_mux:Mux9|mux_umc:auto_generated|_~10              ; |choose|lpm_mux:Mux9|mux_umc:auto_generated|_~10              ; out0             ;
; |choose|lpm_mux:Mux9|mux_umc:auto_generated|_~12              ; |choose|lpm_mux:Mux9|mux_umc:auto_generated|_~12              ; out0             ;
; |choose|lpm_mux:Mux9|mux_umc:auto_generated|result_node[0]~1  ; |choose|lpm_mux:Mux9|mux_umc:auto_generated|result_node[0]~1  ; out0             ;
; |choose|lpm_mux:Mux9|mux_umc:auto_generated|result_node[0]    ; |choose|lpm_mux:Mux9|mux_umc:auto_generated|result_node[0]    ; out0             ;
; |choose|lpm_mux:Mux8|mux_umc:auto_generated|_~0               ; |choose|lpm_mux:Mux8|mux_umc:auto_generated|_~0               ; out0             ;
; |choose|lpm_mux:Mux8|mux_umc:auto_generated|_~2               ; |choose|lpm_mux:Mux8|mux_umc:auto_generated|_~2               ; out0             ;
; |choose|lpm_mux:Mux8|mux_umc:auto_generated|_~4               ; |choose|lpm_mux:Mux8|mux_umc:auto_generated|_~4               ; out0             ;
; |choose|lpm_mux:Mux8|mux_umc:auto_generated|result_node[0]~0  ; |choose|lpm_mux:Mux8|mux_umc:auto_generated|result_node[0]~0  ; out0             ;
; |choose|lpm_mux:Mux8|mux_umc:auto_generated|_~10              ; |choose|lpm_mux:Mux8|mux_umc:auto_generated|_~10              ; out0             ;
; |choose|lpm_mux:Mux8|mux_umc:auto_generated|_~12              ; |choose|lpm_mux:Mux8|mux_umc:auto_generated|_~12              ; out0             ;
; |choose|lpm_mux:Mux8|mux_umc:auto_generated|result_node[0]~1  ; |choose|lpm_mux:Mux8|mux_umc:auto_generated|result_node[0]~1  ; out0             ;
; |choose|lpm_mux:Mux8|mux_umc:auto_generated|result_node[0]    ; |choose|lpm_mux:Mux8|mux_umc:auto_generated|result_node[0]    ; out0             ;
; |choose|lpm_mux:Mux7|mux_umc:auto_generated|_~0               ; |choose|lpm_mux:Mux7|mux_umc:auto_generated|_~0               ; out0             ;
; |choose|lpm_mux:Mux7|mux_umc:auto_generated|_~2               ; |choose|lpm_mux:Mux7|mux_umc:auto_generated|_~2               ; out0             ;
; |choose|lpm_mux:Mux7|mux_umc:auto_generated|_~4               ; |choose|lpm_mux:Mux7|mux_umc:auto_generated|_~4               ; out0             ;
; |choose|lpm_mux:Mux7|mux_umc:auto_generated|result_node[0]~0  ; |choose|lpm_mux:Mux7|mux_umc:auto_generated|result_node[0]~0  ; out0             ;
; |choose|lpm_mux:Mux7|mux_umc:auto_generated|_~10              ; |choose|lpm_mux:Mux7|mux_umc:auto_generated|_~10              ; out0             ;
; |choose|lpm_mux:Mux7|mux_umc:auto_generated|_~12              ; |choose|lpm_mux:Mux7|mux_umc:auto_generated|_~12              ; out0             ;
; |choose|lpm_mux:Mux7|mux_umc:auto_generated|result_node[0]~1  ; |choose|lpm_mux:Mux7|mux_umc:auto_generated|result_node[0]~1  ; out0             ;
; |choose|lpm_mux:Mux7|mux_umc:auto_generated|result_node[0]    ; |choose|lpm_mux:Mux7|mux_umc:auto_generated|result_node[0]    ; out0             ;
; |choose|lpm_mux:Mux6|mux_umc:auto_generated|_~0               ; |choose|lpm_mux:Mux6|mux_umc:auto_generated|_~0               ; out0             ;
; |choose|lpm_mux:Mux6|mux_umc:auto_generated|_~2               ; |choose|lpm_mux:Mux6|mux_umc:auto_generated|_~2               ; out0             ;
; |choose|lpm_mux:Mux6|mux_umc:auto_generated|_~4               ; |choose|lpm_mux:Mux6|mux_umc:auto_generated|_~4               ; out0             ;
; |choose|lpm_mux:Mux6|mux_umc:auto_generated|result_node[0]~0  ; |choose|lpm_mux:Mux6|mux_umc:auto_generated|result_node[0]~0  ; out0             ;
; |choose|lpm_mux:Mux6|mux_umc:auto_generated|_~10              ; |choose|lpm_mux:Mux6|mux_umc:auto_generated|_~10              ; out0             ;
; |choose|lpm_mux:Mux6|mux_umc:auto_generated|_~12              ; |choose|lpm_mux:Mux6|mux_umc:auto_generated|_~12              ; out0             ;
; |choose|lpm_mux:Mux6|mux_umc:auto_generated|result_node[0]~1  ; |choose|lpm_mux:Mux6|mux_umc:auto_generated|result_node[0]~1  ; out0             ;
; |choose|lpm_mux:Mux6|mux_umc:auto_generated|result_node[0]    ; |choose|lpm_mux:Mux6|mux_umc:auto_generated|result_node[0]    ; out0             ;
; |choose|lpm_mux:Mux5|mux_umc:auto_generated|_~0               ; |choose|lpm_mux:Mux5|mux_umc:auto_generated|_~0               ; out0             ;
; |choose|lpm_mux:Mux5|mux_umc:auto_generated|_~2               ; |choose|lpm_mux:Mux5|mux_umc:auto_generated|_~2               ; out0             ;
; |choose|lpm_mux:Mux5|mux_umc:auto_generated|_~4               ; |choose|lpm_mux:Mux5|mux_umc:auto_generated|_~4               ; out0             ;
; |choose|lpm_mux:Mux5|mux_umc:auto_generated|result_node[0]~0  ; |choose|lpm_mux:Mux5|mux_umc:auto_generated|result_node[0]~0  ; out0             ;
; |choose|lpm_mux:Mux5|mux_umc:auto_generated|_~10              ; |choose|lpm_mux:Mux5|mux_umc:auto_generated|_~10              ; out0             ;
; |choose|lpm_mux:Mux5|mux_umc:auto_generated|_~12              ; |choose|lpm_mux:Mux5|mux_umc:auto_generated|_~12              ; out0             ;
; |choose|lpm_mux:Mux5|mux_umc:auto_generated|result_node[0]~1  ; |choose|lpm_mux:Mux5|mux_umc:auto_generated|result_node[0]~1  ; out0             ;
; |choose|lpm_mux:Mux5|mux_umc:auto_generated|result_node[0]    ; |choose|lpm_mux:Mux5|mux_umc:auto_generated|result_node[0]    ; out0             ;
; |choose|lpm_mux:Mux4|mux_umc:auto_generated|_~0               ; |choose|lpm_mux:Mux4|mux_umc:auto_generated|_~0               ; out0             ;
; |choose|lpm_mux:Mux4|mux_umc:auto_generated|_~2               ; |choose|lpm_mux:Mux4|mux_umc:auto_generated|_~2               ; out0             ;
; |choose|lpm_mux:Mux4|mux_umc:auto_generated|_~4               ; |choose|lpm_mux:Mux4|mux_umc:auto_generated|_~4               ; out0             ;
; |choose|lpm_mux:Mux4|mux_umc:auto_generated|result_node[0]~0  ; |choose|lpm_mux:Mux4|mux_umc:auto_generated|result_node[0]~0  ; out0             ;
; |choose|lpm_mux:Mux4|mux_umc:auto_generated|_~10              ; |choose|lpm_mux:Mux4|mux_umc:auto_generated|_~10              ; out0             ;
; |choose|lpm_mux:Mux4|mux_umc:auto_generated|_~12              ; |choose|lpm_mux:Mux4|mux_umc:auto_generated|_~12              ; out0             ;
; |choose|lpm_mux:Mux4|mux_umc:auto_generated|result_node[0]~1  ; |choose|lpm_mux:Mux4|mux_umc:auto_generated|result_node[0]~1  ; out0             ;
; |choose|lpm_mux:Mux4|mux_umc:auto_generated|result_node[0]    ; |choose|lpm_mux:Mux4|mux_umc:auto_generated|result_node[0]    ; out0             ;
; |choose|lpm_mux:Mux3|mux_umc:auto_generated|_~0               ; |choose|lpm_mux:Mux3|mux_umc:auto_generated|_~0               ; out0             ;
; |choose|lpm_mux:Mux3|mux_umc:auto_generated|_~2               ; |choose|lpm_mux:Mux3|mux_umc:auto_generated|_~2               ; out0             ;
; |choose|lpm_mux:Mux3|mux_umc:auto_generated|_~4               ; |choose|lpm_mux:Mux3|mux_umc:auto_generated|_~4               ; out0             ;
; |choose|lpm_mux:Mux3|mux_umc:auto_generated|result_node[0]~0  ; |choose|lpm_mux:Mux3|mux_umc:auto_generated|result_node[0]~0  ; out0             ;
; |choose|lpm_mux:Mux3|mux_umc:auto_generated|_~10              ; |choose|lpm_mux:Mux3|mux_umc:auto_generated|_~10              ; out0             ;
; |choose|lpm_mux:Mux3|mux_umc:auto_generated|_~12              ; |choose|lpm_mux:Mux3|mux_umc:auto_generated|_~12              ; out0             ;
; |choose|lpm_mux:Mux3|mux_umc:auto_generated|_~17              ; |choose|lpm_mux:Mux3|mux_umc:auto_generated|_~17              ; out0             ;
; |choose|lpm_mux:Mux2|mux_umc:auto_generated|_~0               ; |choose|lpm_mux:Mux2|mux_umc:auto_generated|_~0               ; out0             ;
; |choose|lpm_mux:Mux2|mux_umc:auto_generated|_~2               ; |choose|lpm_mux:Mux2|mux_umc:auto_generated|_~2               ; out0             ;
; |choose|lpm_mux:Mux2|mux_umc:auto_generated|_~4               ; |choose|lpm_mux:Mux2|mux_umc:auto_generated|_~4               ; out0             ;
; |choose|lpm_mux:Mux2|mux_umc:auto_generated|_~5               ; |choose|lpm_mux:Mux2|mux_umc:auto_generated|_~5               ; out0             ;
; |choose|lpm_mux:Mux2|mux_umc:auto_generated|result_node[0]~0  ; |choose|lpm_mux:Mux2|mux_umc:auto_generated|result_node[0]~0  ; out0             ;
; |choose|lpm_mux:Mux2|mux_umc:auto_generated|_~10              ; |choose|lpm_mux:Mux2|mux_umc:auto_generated|_~10              ; out0             ;
; |choose|lpm_mux:Mux2|mux_umc:auto_generated|_~12              ; |choose|lpm_mux:Mux2|mux_umc:auto_generated|_~12              ; out0             ;
; |choose|lpm_mux:Mux2|mux_umc:auto_generated|_~13              ; |choose|lpm_mux:Mux2|mux_umc:auto_generated|_~13              ; out0             ;
; |choose|lpm_mux:Mux1|mux_umc:auto_generated|_~2               ; |choose|lpm_mux:Mux1|mux_umc:auto_generated|_~2               ; out0             ;
; |choose|lpm_mux:Mux1|mux_umc:auto_generated|_~4               ; |choose|lpm_mux:Mux1|mux_umc:auto_generated|_~4               ; out0             ;
; |choose|lpm_mux:Mux1|mux_umc:auto_generated|_~10              ; |choose|lpm_mux:Mux1|mux_umc:auto_generated|_~10              ; out0             ;
; |choose|lpm_mux:Mux1|mux_umc:auto_generated|_~12              ; |choose|lpm_mux:Mux1|mux_umc:auto_generated|_~12              ; out0             ;
; |choose|lpm_mux:Mux1|mux_umc:auto_generated|result_node[0]~1  ; |choose|lpm_mux:Mux1|mux_umc:auto_generated|result_node[0]~1  ; out0             ;
; |choose|lpm_mux:Mux0|mux_umc:auto_generated|_~0               ; |choose|lpm_mux:Mux0|mux_umc:auto_generated|_~0               ; out0             ;
; |choose|lpm_mux:Mux0|mux_umc:auto_generated|result_node[0]~0  ; |choose|lpm_mux:Mux0|mux_umc:auto_generated|result_node[0]~0  ; out0             ;
+---------------------------------------------------------------+---------------------------------------------------------------+------------------+


+---------------------+
; Simulator INI Usage ;
+--------+------------+
; Option ; Usage      ;
+--------+------------+


+--------------------+
; Simulator Messages ;
+--------------------+
Info: *******************************************************************
Info: Running Quartus II 64-Bit Simulator
    Info: Version 13.0.1 Build 232 06/12/2013 Service Pack 1 SJ Full Version
    Info: Processing started: Tue Jul 09 14:41:14 2019
Info: Command: quartus_sim --simulation_results_format=VWF choose -c choose
Info (324025): Using vector source file "E:/DigitaleFilter/choose/choose.vwf"
Info (310003): Option to preserve fewer signal transitions to reduce memory requirements is enabled
    Info (310004): Simulation has been partitioned into sub-simulations according to the maximum transition count determined by the engine. Transitions from memory will be flushed out to disk at the end of each sub-simulation to reduce memory requirements.
Info (310002): Simulation partitioned into 1 sub-simulations
Info (328053): Simulation coverage is      53.28 %
Info (328052): Number of transitions in simulation is 1445
Info (324045): Vector file choose.sim.vwf is saved in VWF text format. You can compress it into CVWF format in order to reduce file size. For more details please refer to the Quartus II Help.
Info: Quartus II 64-Bit Simulator was successful. 0 errors, 0 warnings
    Info: Peak virtual memory: 340 megabytes
    Info: Processing ended: Tue Jul 09 14:41:16 2019
    Info: Elapsed time: 00:00:02
    Info: Total CPU time (on all processors): 00:00:01


